

           ***********  PRECISE MASS SUMMARY  ***********

 TOTAL MASS (X,Y,Z)=  13734.      13734.      13734.    

 MOMENTS AND PRODUCTS OF INERTIA TENSOR (I) ABOUT ORIGIN (GLOBAL CARTESIAN)
     0.80597E+07  1004.4      75730.    
      1004.4     0.80615E+07 0.10134E+06
      75730.     0.10134E+06  21094.    

 CENTER OF MASS (X,Y,Z)=-0.28379    -0.34218E-01  18.520    

 MOMENTS AND PRODUCTS OF INERTIA TENSOR (I) ABOUT CENTER OF MASS (GLOBAL CARTESIAN)
     0.33491E+07  1137.8      3547.0    
      1137.8     0.33497E+07  92634.    
      3547.0      92634.      19972.    

 PRINCIPAL CENTROIDAL MOMENTS OF INERTIA= 0.33487E+07 0.33527E+07  17393.    

 ORIENTATION VECTORS (GLOBAL CARTESIAN) FOR THE PRINCIPAL AXES=
   ( 0.948,-0.319,-0.008) ( 0.319, 0.947, 0.027) (-0.001,-0.028, 1.000) 

 ANGLES (XY,YZ,XZ) OF THE PRINCIPAL AXES= -18.63      1.528     0.4512    



          *********  TOTAL LOAD SUMMARY  *********
                                              X-AXIS      Y-AXIS      Z-AXIS
 FORCES AT CENTER OF MASS..................  0.0000      0.0000      0.0000    
 MOMENTS ABOUT ORIGIN......................  0.0000      0.0000      0.0000    
 MOMENTS ABOUT CENTER OF MASS..............  0.0000      0.0000      0.0000    
