

                         ***********  PRECISE MASS SUMMARY  ***********

   TOTAL RIGID BODY MASS MATRIX ABOUT ORIGIN
               Translational mass               |   Coupled translational/rotational mass
         18304.        0.0000        0.0000     |     0.0000       0.35832E+06   -4300.7    
         0.0000        18304.        0.0000     |   -0.35832E+06    0.0000       -5340.0    
         0.0000        0.0000        18304.     |     4300.7        5340.0        0.0000    
     ------------------------------------------ | ------------------------------------------
                                                |         Rotational mass (inertia)
                                                |    0.11270E+08    2633.1       0.10268E+06
                                                |     2633.1       0.11274E+08   -43834.    
                                                |    0.10268E+06   -43834.        22924.    

   TOTAL MASS =  18304.    
     The mass principal axes coincide with the global Cartesian axes

   CENTER OF MASS (X,Y,Z)=  -0.29174       0.23496        19.576    

   TOTAL INERTIA ABOUT CENTER OF MASS
        0.42542E+07    1378.4       -1858.5    
         1378.4       0.42581E+07    40357.    
        -1858.5        40357.        20355.    

   PRINCIPAL INERTIAS =   0.42539E+07   0.42589E+07    19970.    
   ORIENTATION VECTORS OF THE INERTIA PRINCIPAL AXES IN GLOBAL CARTESIAN
     ( 0.960,-0.280,-0.003) ( 0.280, 0.960, 0.009) ( 0.000,-0.010, 1.000) 


          *********  TOTAL LOAD SUMMARY  *********
                                              X-AXIS      Y-AXIS      Z-AXIS
 FORCES AT CENTER OF MASS..................  0.0000      0.0000      0.0000    
 MOMENTS ABOUT ORIGIN......................  0.0000      0.0000      0.0000    
 MOMENTS ABOUT CENTER OF MASS..............  0.0000      0.0000      0.0000    
