
 LIST ALL SELECTED AREAS.
 NUMBER LOOP  LINES                     AREA       ELEM SIZE    #NODES  #ELEM    MAT   REAL   TYP  ESYS   SECN
      1  1   5813    115   5937      1  0.1995      0.1075          10     18     -1     -1    32  1001      2
      2  1   5937    119   5938      5  0.4222      0.1075          30     42     -1     -1    32  1001      4
      3  1   5938    129   5939     15  0.6977      0.1075          50     66     -1     -1    32  1001     15
      4  1   5939    143   5940     29  0.4784E-01  0.1075          -1      6     -1     -1    32  1001     11
      5  1   5940    145   5941     31  0.2997      0.1075          20     30     -1     -1    32  1001     13
      6  1   5941    152   5942     38  0.5431E-01  0.1075          -1      6     -1     -1    32  1001      1
      7  1   5942    154   5943     40  0.5882      0.1075          40     54     -1     -1    32  1001      5
      8  1   5943    166      2     52  0.2659      0.1075          15     24     -1     -1    32  1001      3
      9  1      2    172   5944     58  0.2658      0.1075          15     24     -1     -1    32  1001      9
     10  1   5944    178   5945     64  0.5872      0.1075          40     54     -1     -1    32  1001      6
     11  1   5945    190   5946     76  0.5423E-01  0.1075          -1      6     -1     -1    32  1001     14
     12  1   5946    192   5947     78  0.2995      0.1075          20     30     -1     -1    32  1001     12
     13  1   5947    199   5948     85  0.4783E-01  0.1075          -1      6     -1     -1    32  1001      7
     14  1   5948    201   5949     87  0.6985      0.1075          50     66     -1     -1    32  1001     16
     15  1   5949    215   5950    101  0.4227      0.1075          30     42     -1     -1    32  1001     10
     16  1   5950    225   5813    111  0.1996      0.1075          10     18     -1     -1    32  1001      8
     17  1   5815    229   5951    115  0.1995      0.1075          10     18     -1     -1    32  1002     18
     18  1   5951    233   5952    119  0.4222      0.1075          30     42     -1     -1    32  1002     20
     19  1   5952    243   5953    129  0.6977      0.1075          50     66     -1     -1    32  1002     31
     20  1   5953    257   5954    143  0.4784E-01  0.1075          -1      6     -1     -1    32  1002     27
 NUMBER LOOP  LINES                     AREA       ELEM SIZE    #NODES  #ELEM    MAT   REAL   TYP  ESYS   SECN
     21  1   5954    259   5955    145  0.2997      0.1075          20     30     -1     -1    32  1002     29
     22  1   5955    266   5956    152  0.5430E-01  0.1075          -1      6     -1     -1    32  1002     17
     23  1   5956    268   5957    154  0.5881      0.1075          40     54     -1     -1    32  1002     21
     24  1   5957    280      3    166  0.2659      0.1075          15     24     -1     -1    32  1002     19
     25  1      3    286   5958    172  0.2658      0.1075          15     24     -1     -1    32  1002     25
     26  1   5958    292   5959    178  0.5872      0.1075          40     54     -1     -1    32  1002     22
     27  1   5959    304   5960    190  0.5422E-01  0.1075          -1      6     -1     -1    32  1002     30
     28  1   5960    306   5961    192  0.2994      0.1075          20     30     -1     -1    32  1002     28
     29  1   5961    313   5962    199  0.4783E-01  0.1075          -1      6     -1     -1    32  1002     23
     30  1   5962    315   5963    201  0.6983      0.1075          50     66     -1     -1    32  1002     32
     31  1   5963    329   5964    215  0.4227      0.1075          30     42     -1     -1    32  1002     26
     32  1   5964    339   5815    225  0.1996      0.1075          10     18     -1     -1    32  1002     24
     33  1   5817    343   5965    229  0.2851      0.1075          16     27     -1     -1    32  1003     34
     34  1   5965    347   5966    233  0.5894      0.1075          47     62     -1     -1    32  1003     36
     35  1   5966    356   5967    243   1.017      0.1075          80     99     -1     -1    32  1003     47
     36  1   5967    371   5968    257  0.7039E-01  0.1075          -1      9     -1     -1    32  1003     43
     37  1   5968    373   5969    259  0.4407      0.1075          32     45     -1     -1    32  1003     45
     38  1   5969    380   5970    266  0.7960E-01  0.1075          -1      9     -1     -1    32  1003     33
     39  1   5970    382   5971    268  0.8461      0.1075          64     81     -1     -1    32  1003     37
     40  1   5971    395      4    280  0.3639      0.1075          24     36     -1     -1    32  1003     35
 NUMBER LOOP  LINES                     AREA       ELEM SIZE    #NODES  #ELEM    MAT   REAL   TYP  ESYS   SECN
     41  1      4    400   5972    286  0.3744      0.1075          24     36     -1     -1    32  1003     41
     42  1   5972    405   5973    292  0.8495      0.1075          64     81     -1     -1    32  1003     38
     43  1   5973    418   5974    304  0.7900E-01  0.1075          -1      9     -1     -1    32  1003     46
     44  1   5974    420   5975    306  0.4365      0.1075          32     45     -1     -1    32  1003     44
     45  1   5975    427   5976    313  0.6977E-01  0.1075          -1      9     -1     -1    32  1003     39
     46  1   5976    429   5977    315   1.014      0.1075          80     99     -1     -1    32  1003     48
     47  1   5977    443   5978    329  0.6035      0.1075          48     63     -1     -1    32  1003     42
     48  1   5978    452   5817    339  0.2943      0.1075          17     29     -1     -1    32  1003     40
     49  1   5819    456   5979    343  0.6849      0.1075          40     63     -1     -1    32  1004     50
     50  1   5979    460   5980    347   1.299      0.1075         100    126     -1     -1    32  1004     52
     51  1   5980    468   5981    356   2.551      0.1075         222    254     -1     -1    32  1004     63
     52  1   5981    484   5982    371  0.1807      0.1075          -1     21     -1     -1    32  1004     59
     53  1   5982    486   5983    373   1.126      0.1075          90    116     -1     -1    32  1004     61
     54  1   5983    494   5984    380  0.2014      0.1075          -1     21     -1     -1    32  1004     49
     55  1   5984    496   5985    382   2.005      0.1075         160    189     -1     -1    32  1004     53
     56  1   5985    509      6    395  0.7606      0.1075          60     84     -1     -1    32  1004     51
     57  1      6    513   5986    400  0.8535      0.1075          60     84     -1     -1    32  1004     57
     58  1   5986    518   5987    405   2.098      0.1075         164    194     -1     -1    32  1004     54
     59  1   5987    530   5988    418  0.2009      0.1075          -1     21     -1     -1    32  1004     62
     60  1   5988    532   5989    420   1.116      0.1075          82    108     -1     -1    32  1004     60
 NUMBER LOOP  LINES                     AREA       ELEM SIZE    #NODES  #ELEM    MAT   REAL   TYP  ESYS   SECN
     61  1   5989    540   5990    427  0.1796      0.1075          -1     21     -1     -1    32  1004     55
     62  1   5990    541   5991    429   2.576      0.1075         193    225     -1     -1    32  1004     64
     63  1   5991    556   5992    443   1.444      0.1075         120    147     -1     -1    32  1004     58
     64  1   5992    564   5819    452  0.7928      0.1075          60     84     -1     -1    32  1004     56
     65  1   5821    569   5993    456  0.6969      0.1075          40     63     -1     -1    32  1005     66
     66  1   5993    573   5994    460   1.199      0.1075          82    108     -1     -1    32  1005     68
     67  1   5994    581   5995    468   2.818      0.1075         247    281     -1     -1    32  1005     79
     68  1   5995    597   5996    484  0.2065      0.1075          -1     21     -1     -1    32  1005     75
     69  1   5996    600   5997    486   1.273      0.1075         100    126     -1     -1    32  1005     77
     70  1   5997    608   5998    494  0.2225      0.1075          -1     21     -1     -1    32  1005     65
     71  1   5998    610   5999    496   2.015      0.1075         160    189     -1     -1    32  1005     69
     72  1   5999    622      7    509  0.6725      0.1075          41     65     -1     -1    32  1005     67
     73  1      7    626   6000    513  0.8349      0.1075          60     84     -1     -1    32  1005     73
     74  1   6000    630   6001    518   2.251      0.1075         180    210     -1     -1    32  1005     70
     75  1   6001    643   6002    530  0.2247      0.1075           1     23     -1     -1    32  1005     78
     76  1   6002    645   6003    532   1.262      0.1075         100    126     -1     -1    32  1005     76
     77  1   6003    652   6004    540  0.2043      0.1075          -1     21     -1     -1    32  1005     71
     78  1   6004    654   6005    541   2.866      0.1075         241    274     -1     -1    32  1005     80
     79  1   6005    670   6006    556   1.341      0.1075         103    130     -1     -1    32  1005     74
     80  1   6006    677   5821    564   1.059      0.1075         105    130     -1     -1    32  1005     72
 NUMBER LOOP  LINES                     AREA       ELEM SIZE    #NODES  #ELEM    MAT   REAL   TYP  ESYS   SECN
     81  1   5823    683   6007    569  0.6751      0.1075          40     63     -1     -1    32  1006     82
     82  1   6007    685   6008    573   1.018      0.1075          79    104     -1     -1    32  1006     84
     83  1   6008    689   6009    581   3.268      0.1075         274    309     -1     -1    32  1006     97
     84  1   6009    700   6010    597  0.2145      0.1075          -1     20     -1     -1    32  1006     93
     85  1   6010    702   6011    600   1.306      0.1075          95    120     -1     -1    32  1006     95
     86  1   6011    707   6012    608  0.2230      0.1075          -1     20     -1     -1    32  1006     81
     87  1   6012    708   6013    610   1.844      0.1075         138    166     -1     -1    32  1006     85
     88  1   6013    718      8    622  0.5796      0.1075          38     60     -1     -1    32  1006     83
     89  1      8    722   6014    626  0.7778      0.1075          57     80     -1     -1    32  1006     89
     90  1   6014    726   6015    630   2.201      0.1075         171    200     -1     -1    32  1006     86
     91  1   6015    736   6016    643  0.2326      0.1075          19     40     -1     -1    32  1006     96
     92  1   6016    737   6017    645   1.311      0.1075          95    120     -1     -1    32  1006     94
     93  1   6017    742   6018    652  0.2121      0.1075          -1     20     -1     -1    32  1006     87
     94  1   6018    744   6019    654   3.344      0.1075         277    312     -1     -1    32  1006     98
     95  1   6019    755   6020    670   1.023      0.1075         105    130     -1     -1    32  1006     90
     96  1   6020    759   5823    677   1.371      0.1075         108    135     -1     -1    32  1006     88
     97  1   5825    763   6021    683  0.5288      0.1075          29     52     -1     -1    32  1007    100
     98  1   6021    765   6022    685  0.8816      0.1075          60     84     -1     -1    32  1007    102
     99  1   6022    768   6023    689   4.232      0.1075         359    398     -1     -1    32  1007    115
    100  1   6023    781   6024    700  0.2235      0.1075          -1     21     -1     -1    32  1007    111
 NUMBER LOOP  LINES                     AREA       ELEM SIZE    #NODES  #ELEM    MAT   REAL   TYP  ESYS   SECN
    101  1   6024    782   6025    702   1.353      0.1075         100    126     -1     -1    32  1007    113
    102  1   6025    787   6026    707  0.2291      0.1075          -1     21     -1     -1    32  1007     99
    103  1   6026    789   6027    708   1.783      0.1075         140    168     -1     -1    32  1007    103
    104  1   6027    798      9    718  0.5643      0.1075          40     63     -1     -1    32  1007    101
    105  1      9    802   6028    722  0.7730      0.1075          60     84     -1     -1    32  1007    107
    106  1   6028    806   6029    726   2.198      0.1075         180    210     -1     -1    32  1007    104
    107  1   6029    815   6030    736  0.2449      0.1075          20     42     -1     -1    32  1007    114
    108  1   6030    817   6031    737   1.378      0.1075         100    126     -1     -1    32  1007    112
    109  1   6031    822   6032    742  0.2226      0.1075          -1     21     -1     -1    32  1007    105
    110  1   6032    824   6033    744   4.345      0.1075         361    400     -1     -1    32  1007    116
    111  1   6033    836   6034    755  0.9084      0.1075          65     91     -1     -1    32  1007    108
    112  1   6034    840   5825    759   1.206      0.1075          84    110     -1     -1    32  1007    106
    113  1   5827    843   6035    763  0.3466      0.1075          23     48     -1     -1    32  1008    118
    114  1   6035    844   6036    765  0.8813      0.1075          69     96     -1     -1    32  1008    120
    115  1   6036    848   6037    768   5.481      0.1075         504    548     -1     -1    32  1008    133
    116  1   6037    864   6038    781  0.2491      0.1075          -1     24     -1     -1    32  1008    129
    117  1   6038    866   6039    782   1.506      0.1075         115    144     -1     -1    32  1008    131
    118  1   6039    871   6040    787  0.2548      0.1075          -1     24     -1     -1    32  1008    117
    119  1   6040    873   6041    789   1.913      0.1075         161    192     -1     -1    32  1008    121
    120  1   6041    882     10    798  0.6125      0.1075          46     72     -1     -1    32  1008    119
 NUMBER LOOP  LINES                     AREA       ELEM SIZE    #NODES  #ELEM    MAT   REAL   TYP  ESYS   SECN
    121  1     10    887   6042    802  0.8387      0.1075          69     96     -1     -1    32  1008    125
    122  1   6042    892   6043    806   2.346      0.1075         193    226     -1     -1    32  1008    122
    123  1   6043    901   6044    815  0.2709      0.1075          23     48     -1     -1    32  1008    132
    124  1   6044    903   6045    817   1.530      0.1075         115    144     -1     -1    32  1008    130
    125  1   6045    908   6046    822  0.2482      0.1075          -1     24     -1     -1    32  1008    123
    126  1   6046    910   6047    824   5.627      0.1075         463    508     -1     -1    32  1008    134
    127  1   6047    926   6048    836   1.037      0.1075          69     97     -1     -1    32  1008    126
    128  1   6048    930   5827    840  0.7861      0.1075          52     79     -1     -1    32  1008    124
    129  1   5829    932   6049    843  0.1664      0.1075           1     20     -1     -1    32  1009    136
    130  1   6049    933   6050    844  0.6224      0.1075          51     72     -1     -1    32  1009    138
    131  1   6050    937   6051    848   4.470      0.1075         367    407     -1     -1    32  1009    151
    132  1   6051    953   6052    864  0.1871      0.1075          -1     18     -1     -1    32  1009    147
    133  1   6052    955   6053    866   1.132      0.1075          85    108     -1     -1    32  1009    149
    134  1   6053    960   6054    871  0.1921      0.1075          -1     18     -1     -1    32  1009    135
    135  1   6054    962   6055    873   1.403      0.1075         105    130     -1     -1    32  1009    139
    136  1   6055    971     11    882  0.4513      0.1075          34     54     -1     -1    32  1009    137
    137  1     11    976   6056    887  0.6145      0.1075          51     72     -1     -1    32  1009    143
    138  1   6056    981   6057    892   1.668      0.1075         136    162     -1     -1    32  1009    140
    139  1   6057    990   6058    901  0.2018      0.1075          17     36     -1     -1    32  1009    150
    140  1   6058    991   6059    903   1.145      0.1075          85    108     -1     -1    32  1009    148
 NUMBER LOOP  LINES                     AREA       ELEM SIZE    #NODES  #ELEM    MAT   REAL   TYP  ESYS   SECN
    141  1   6059    997   6060    908  0.1869      0.1075          -1     18     -1     -1    32  1009    141
    142  1   6060    999   6061    910   4.556      0.1075         378    419     -1     -1    32  1009    152
    143  1   6061   1015   6062    926  0.7355      0.1075          51     72     -1     -1    32  1009    144
    144  1   6062   1020   5829    930  0.3487      0.1075          21     41     -1     -1    32  1009    142
    145  1   5831   1022   6063    932  0.9501E-01  0.1075          -1     21     -1     -1    32  1010    154
    146  1   6063   1023   6064    933  0.6995      0.1075          41     65     -1     -1    32  1010    156
    147  1   6064   1026   6065    937   5.414      0.1075         449    493     -1     -1    32  1010    169
    148  1   6065   1043   6066    953  0.2179      0.1075          -1     21     -1     -1    32  1010    165
    149  1   6066   1045   6067    955   1.322      0.1075         100    126     -1     -1    32  1010    167
    150  1   6067   1050   6068    960  0.2254      0.1075          -1     21     -1     -1    32  1010    153
    151  1   6068   1052   6069    962   1.633      0.1075         123    151     -1     -1    32  1010    157
    152  1   6069   1061     12    971  0.5317      0.1075          40     63     -1     -1    32  1010    155
    153  1     12   1066   6070    976  0.6882      0.1075          41     65     -1     -1    32  1010    161
    154  1   6070   1070   6071    981   1.826      0.1075         154    183     -1     -1    32  1010    158
    155  1   6071   1079   6072    990  0.2316      0.1075           1     23     -1     -1    32  1010    168
    156  1   6072   1081   6073    991   1.329      0.1075         100    126     -1     -1    32  1010    166
    157  1   6073   1087   6074    997  0.2183      0.1075          -1     21     -1     -1    32  1010    159
    158  1   6074   1089   6075    999   5.461      0.1075         460    504     -1     -1    32  1010    170
    159  1   6075   1106   6076   1015  0.8411      0.1075          60     84     -1     -1    32  1010    162
    160  1   6076   1111   5831   1020  0.1779      0.1075           1     23     -1     -1    32  1010    160
 NUMBER LOOP  LINES                     AREA       ELEM SIZE    #NODES  #ELEM    MAT   REAL   TYP  ESYS   SECN
    161  1   5833   1112   6077   1022  0.5449E-01  0.1075          -1     26     -1     -1    32  1011    172
    162  1   6077   1113   6078   1023  0.8287      0.1075          50     78     -1     -1    32  1011    174
    163  1   6078   1121   6079   1026   6.828      0.1075         575    624     -1     -1    32  1011    187
    164  1   6079   1158   6080   1043  0.2713      0.1075          -1     26     -1     -1    32  1011    183
    165  1   6080   1160   6081   1045   1.645      0.1075         125    156     -1     -1    32  1011    185
    166  1   6081   1170   6082   1050  0.2821      0.1075          -1     26     -1     -1    32  1011    171
    167  1   6082   1173   6083   1052   2.032      0.1075         153    186     -1     -1    32  1011    175
    168  1   6083   1191   6084   1061  0.6575      0.1075          50     78     -1     -1    32  1011    173
    169  1   6084   1202   6085   1066  0.8069      0.1075          50     78     -1     -1    32  1011    179
    170  1   6085   1216   6086   1070   2.102      0.1075         171    204     -1     -1    32  1011    176
    171  1   6086   1234   6087   1079  0.2816      0.1075          -1     26     -1     -1    32  1011    186
    172  1   6087   1237   6088   1081   1.642      0.1075         125    156     -1     -1    32  1011    184
    173  1   6088   1248   6089   1087  0.2719      0.1075          -1     26     -1     -1    32  1011    177
    174  1   6089   1250   6090   1089   6.771      0.1075         559    608     -1     -1    32  1011    188
    175  1   6090   1278   6091   1106  0.9239      0.1075          57     86     -1     -1    32  1011    180
    176  1   6091   1283   5833   1111  0.8131E-01  0.1075          -1     26     -1     -1    32  1011    178
    177  1   5837   1284   5838   1112  0.3281E-01  0.1075          -1     16     -1     -1    32  1012    190
    178  1   5838   1285   6092   1113  0.4955      0.1075          30     48     -1     -1    32  1012    192
    179  1   6092   1293   6093   1121   4.071      0.1075         346    385     -1     -1    32  1012    205
    180  1   6093   1329   6094   1158  0.1642      0.1075          -1     16     -1     -1    32  1012    201
 NUMBER LOOP  LINES                     AREA       ELEM SIZE    #NODES  #ELEM    MAT   REAL   TYP  ESYS   SECN
    181  1   6094   1331   6095   1160  0.9953      0.1075          75     96     -1     -1    32  1012    203
    182  1   6095   1342   6096   1170  0.1713      0.1075          -1     16     -1     -1    32  1012    189
    183  1   6096   1345   6097   1173   1.217      0.1075          90    112     -1     -1    32  1012    193
    184  1   6097   1363   6098   1191  0.3981      0.1075          30     48     -1     -1    32  1012    191
    185  1   6098   1375   6099   1202  0.4439      0.1075          30     48     -1     -1    32  1012    197
    186  1   6099   1387   6100   1216   1.201      0.1075          90    112     -1     -1    32  1012    194
    187  1   6100   1406   6101   1234  0.1686      0.1075          -1     16     -1     -1    32  1012    204
    188  1   6101   1409   6102   1237  0.9897      0.1075          75     96     -1     -1    32  1012    202
    189  1   6102   1420   6103   1248  0.1644      0.1075          -1     16     -1     -1    32  1012    195
    190  1   6103   1422   6104   1250   3.981      0.1075         330    368     -1     -1    32  1012    206
    191  1   6104   1450   5839   1278  0.5121      0.1075          30     48     -1     -1    32  1012    198
    192  1   5839   1455   5837   1283  0.3329E-01  0.1075          -1     16     -1     -1    32  1012    196
    193  1   5841   1456   5842   1284  0.3837E-01  0.1075          -1     21     -1     -1    32  1013    208
    194  1   5842   1457   6105   1285  0.6248      0.1075          40     63     -1     -1    32  1013    210
    195  1   6105   1465   6106   1293   5.146      0.1075         425    468     -1     -1    32  1013    223
    196  1   6106   1501   6107   1329  0.2177      0.1075          -1     21     -1     -1    32  1013    219
    197  1   6107   1504   6108   1331   1.317      0.1075         100    126     -1     -1    32  1013    221
    198  1   6108   1515   6109   1342  0.2272      0.1075          -1     21     -1     -1    32  1013    207
    199  1   6109   1518   6110   1345   1.571      0.1075         120    147     -1     -1    32  1013    211
    200  1   6110   1536     13   1363  0.5110      0.1075          40     63     -1     -1    32  1013    209
 NUMBER LOOP  LINES                     AREA       ELEM SIZE    #NODES  #ELEM    MAT   REAL   TYP  ESYS   SECN
    201  1     13   1548   6111   1375  0.5223      0.1075          40     63     -1     -1    32  1013    215
    202  1   6111   1560   6112   1387   1.538      0.1075         120    147     -1     -1    32  1013    212
    203  1   6112   1579   6113   1406  0.2234      0.1075          -1     21     -1     -1    32  1013    222
    204  1   6113   1582   6114   1409   1.311      0.1075         100    126     -1     -1    32  1013    220
    205  1   6114   1593   6115   1420  0.2179      0.1075          -1     21     -1     -1    32  1013    213
    206  1   6115   1596   6116   1422   5.032      0.1075         462    504     -1     -1    32  1013    224
    207  1   6116   1623   5843   1450  0.6446      0.1075          40     63     -1     -1    32  1013    216
    208  1   5843   1628   5841   1455  0.4042E-01  0.1075          -1     21     -1     -1    32  1013    214
    209  1   5845   1629   5846   1456  0.3250E-01  0.1075          -1     21     -1     -1    32  1014    226
    210  1   5846   1630   6117   1457  0.5936      0.1075          40     63     -1     -1    32  1014    228
    211  1   6117   1638   6118   1465   4.780      0.1075         441    482     -1     -1    32  1014    241
    212  1   6118   1673   6119   1501  0.2189      0.1075          -1     21     -1     -1    32  1014    237
    213  1   6119   1676   6120   1504   1.316      0.1075         100    126     -1     -1    32  1014    239
    214  1   6120   1688   6121   1515  0.2272      0.1075          -1     21     -1     -1    32  1014    225
    215  1   6121   1691   6122   1518   1.514      0.1075         120    147     -1     -1    32  1014    229
    216  1   6122   1709     14   1536  0.4741      0.1075          37     60     -1     -1    32  1014    227
    217  1     14   1721   6123   1548  0.4713      0.1075          21     44     -1     -1    32  1014    233
    218  1   6123   1733   6124   1560   1.471      0.1075         120    147     -1     -1    32  1014    230
    219  1   6124   1752   6125   1579  0.2230      0.1075          -1     21     -1     -1    32  1014    240
    220  1   6125   1755   6126   1582   1.309      0.1075         100    126     -1     -1    32  1014    238
 NUMBER LOOP  LINES                     AREA       ELEM SIZE    #NODES  #ELEM    MAT   REAL   TYP  ESYS   SECN
    221  1   6126   1767   6127   1593  0.2179      0.1075          -1     21     -1     -1    32  1014    231
    222  1   6127   1769   6128   1596   4.669      0.1075         396    437     -1     -1    32  1014    242
    223  1   6128   1796   5847   1623  0.6113      0.1075          40     63     -1     -1    32  1014    234
    224  1   5847   1801   5845   1628  0.3603E-01  0.1075          -1     21     -1     -1    32  1014    232
    225  1   5849   1802   5850   1629  0.2678E-01  0.1075          -1     21     -1     -1    32  1015    244
    226  1   5850   1803   6129   1630  0.5628      0.1075          40     63     -1     -1    32  1015    246
    227  1   6129   1811   6130   1638   4.341      0.1075         399    438     -1     -1    32  1015    259
    228  1   6130   1844   6131   1673  0.2208      0.1075          -1     21     -1     -1    32  1015    255
    229  1   6131   1847   6132   1676   1.315      0.1075         100    126     -1     -1    32  1015    257
    230  1   6132   1860   6133   1688  0.2267      0.1075          -1     21     -1     -1    32  1015    243
    231  1   6133   1863   6134   1691   1.455      0.1075         120    147     -1     -1    32  1015    247
    232  1   6134   1882     16   1709  0.4383      0.1075          20     42     -1     -1    32  1015    245
    233  1     16   1894   6135   1721  0.4247      0.1075          20     42     -1     -1    32  1015    251
    234  1   6135   1905   6136   1733   1.401      0.1075         103    130     -1     -1    32  1015    248
    235  1   6136   1925   6137   1752  0.2224      0.1075          -1     21     -1     -1    32  1015    258
    236  1   6137   1928   6138   1755   1.309      0.1075         100    126     -1     -1    32  1015    256
    237  1   6138   1941   6139   1767  0.2182      0.1075          -1     21     -1     -1    32  1015    249
    238  1   6139   1943   6140   1769   4.239      0.1075         399    438     -1     -1    32  1015    260
    239  1   6140   1969   5851   1796  0.5786      0.1075          40     63     -1     -1    32  1015    252
    240  1   5851   1974   5849   1801  0.3158E-01  0.1075          -1     21     -1     -1    32  1015    250
 NUMBER LOOP  LINES                     AREA       ELEM SIZE    #NODES  #ELEM    MAT   REAL   TYP  ESYS   SECN
    241  1   5853   1975   5854   1802  0.2141E-01  0.1075          -1     21     -1     -1    32  1016    262
    242  1   5854   1976   6141   1803  0.5276      0.1075          40     63     -1     -1    32  1016    264
    243  1   6141   1984   6142   1811   3.865      0.1075         357    394     -1     -1    32  1016    277
    244  1   6142   2015   6143   1844  0.2235      0.1075          -1     21     -1     -1    32  1016    273
    245  1   6143   2019   6144   1847   1.316      0.1075         100    126     -1     -1    32  1016    275
    246  1   6144   2033   6145   1860  0.2259      0.1075          -1     21     -1     -1    32  1016    261
    247  1   6145   2036   6146   1863   1.397      0.1075         103    130     -1     -1    32  1016    265
    248  1   6146   2055     17   1882  0.4031      0.1075          20     42     -1     -1    32  1016    263
    249  1     17   2067   6147   1894  0.3817      0.1075          20     42     -1     -1    32  1016    269
    250  1   6147   2078   6148   1905   1.334      0.1075         100    126     -1     -1    32  1016    266
    251  1   6148   2099   6149   1925  0.2217      0.1075          -1     21     -1     -1    32  1016    276
    252  1   6149   2102   6150   1928   1.308      0.1075         100    126     -1     -1    32  1016    274
    253  1   6150   2115   6151   1941  0.2185      0.1075          -1     21     -1     -1    32  1016    267
    254  1   6151   2118   6152   1943   3.775      0.1075         357    394     -1     -1    32  1016    278
    255  1   6152   2142   5855   1969  0.5414      0.1075          40     63     -1     -1    32  1016    270
    256  1   5855   2147   5853   1974  0.2726E-01  0.1075          -1     21     -1     -1    32  1016    268
    257  1   5857   2148   5858   1975  0.1655E-01  0.1075          -1     21     -1     -1    32  1017    280
    258  1   5858   2149   6153   1976  0.4968      0.1075          40     63     -1     -1    32  1017    282
    259  1   6153   2157   6154   1984   3.393      0.1075         315    350     -1     -1    32  1017    295
    260  1   6154   2187   6155   2015  0.2264      0.1075          -1     21     -1     -1    32  1017    291
 NUMBER LOOP  LINES                     AREA       ELEM SIZE    #NODES  #ELEM    MAT   REAL   TYP  ESYS   SECN
    261  1   6155   2190   6156   2019   1.320      0.1075         100    126     -1     -1    32  1017    293
    262  1   6156   2205   6157   2033  0.2248      0.1075          -1     21     -1     -1    32  1017    279
    263  1   6157   2209   6158   2036   1.335      0.1075         100    126     -1     -1    32  1017    283
    264  1   6158   2228     18   2055  0.3717      0.1075          20     42     -1     -1    32  1017    281
    265  1     18   2240   6159   2067  0.3448      0.1075          20     42     -1     -1    32  1017    287
    266  1   6159   2251   6160   2078   1.265      0.1075         100    126     -1     -1    32  1017    284
    267  1   6160   2272   6161   2099  0.2211      0.1075          -1     21     -1     -1    32  1017    294
    268  1   6161   2275   6162   2102   1.307      0.1075         100    126     -1     -1    32  1017    292
    269  1   6162   2289   6163   2115  0.2189      0.1075          -1     21     -1     -1    32  1017    285
    270  1   6163   2292   6164   2118   3.316      0.1075         315    350     -1     -1    32  1017    296
    271  1   6164   2315   5859   2142  0.5090      0.1075          40     63     -1     -1    32  1017    288
    272  1   5859   2320   5857   2147  0.2326E-01  0.1075          -1     21     -1     -1    32  1017    286
    273  1   5861   2321   5862   2148  0.2771E-02  0.1075          -1      4     -1     -1    32  1018    298
    274  1   5862   2322   6165   2149  0.8853E-01  0.1075           6     12     -1     -1    32  1018    300
    275  1   6165   2328   6166   2157  0.5758      0.1075          39     56     -1     -1    32  1018    313
    276  1   6166   2347   6167   2187  0.4205E-01  0.1075          -1      4     -1     -1    32  1018    309
    277  1   6167   2350   6168   2190  0.2441      0.1075          15     24     -1     -1    32  1018    311
    278  1   6168   2358   6169   2205  0.4133E-01  0.1075          -1      4     -1     -1    32  1018    297
    279  1   6169   2361   6170   2209  0.2393      0.1075          15     24     -1     -1    32  1018    301
    280  1   6170   2373     19   2228  0.6507E-01  0.1075           3      8     -1     -1    32  1018    299
 NUMBER LOOP  LINES                     AREA       ELEM SIZE    #NODES  #ELEM    MAT   REAL   TYP  ESYS   SECN
    281  1     19   2380   6171   2240  0.6021E-01  0.1075           3      8     -1     -1    32  1018    305
    282  1   6171   2386   6172   2251  0.2257      0.1075          15     24     -1     -1    32  1018    302
    283  1   6172   2398   6173   2272  0.4069E-01  0.1075          -1      4     -1     -1    32  1018    312
    284  1   6173   2400   6174   2275  0.2410      0.1075          15     24     -1     -1    32  1018    310
    285  1   6174   2409   6175   2289  0.4038E-01  0.1075          -1      4     -1     -1    32  1018    303
    286  1   6175   2411   6176   2292  0.5632      0.1075          38     55     -1     -1    32  1018    314
    287  1   6176   2431   5863   2315  0.9067E-01  0.1075           6     12     -1     -1    32  1018    306
    288  1   5863   2438   5861   2320  0.3425E-02  0.1075          -1      4     -1     -1    32  1018    304
    289  1   5865   2439   5866   2321  0.1226E-01  0.1075          -1     17     -1     -1    32  1019    316
    290  1   5866   2440   6177   2322  0.3769      0.1075          17     36     -1     -1    32  1019    318
    291  1   6177   2446   6178   2328   2.380      0.1075         221    250     -1     -1    32  1019    331
    292  1   6178   2465   6179   2347  0.1862      0.1075          -1     17     -1     -1    32  1019    327
    293  1   6179   2467   6180   2350   1.081      0.1075          80    102     -1     -1    32  1019    329
    294  1   6180   2476   6181   2358  0.1821      0.1075          -1     17     -1     -1    32  1019    315
    295  1   6181   2479   6182   2361   1.027      0.1075          80    102     -1     -1    32  1019    319
    296  1   6182   2491     20   2373  0.2765      0.1075          16     34     -1     -1    32  1019    317
    297  1     20   2498   6183   2380  0.2572      0.1075          16     34     -1     -1    32  1019    323
    298  1   6183   2504   6184   2386  0.9747      0.1075          80    102     -1     -1    32  1019    320
    299  1   6184   2516   6185   2398  0.1798      0.1075          -1     17     -1     -1    32  1019    330
    300  1   6185   2518   6186   2400   1.066      0.1075          80    102     -1     -1    32  1019    328
 NUMBER LOOP  LINES                     AREA       ELEM SIZE    #NODES  #ELEM    MAT   REAL   TYP  ESYS   SECN
    301  1   6186   2528   6187   2409  0.1788      0.1075          -1     17     -1     -1    32  1019    321
    302  1   6187   2530   6188   2411   2.332      0.1075         187    216     -1     -1    32  1019    332
    303  1   6188   2549   5867   2431  0.3866      0.1075          17     36     -1     -1    32  1019    324
    304  1   5867   2556   5865   2438  0.1257E-01  0.1075          -1     17     -1     -1    32  1019    322
    305  1   5869   2557   5870   2439  0.1344E-01  0.1075          -1     21     -1     -1    32  1020    334
    306  1   5870   2558   6189   2440  0.4308      0.1075          20     42     -1     -1    32  1020    336
    307  1   6189   2564   6190   2446   2.577      0.1075         205    237     -1     -1    32  1020    349
    308  1   6190   2582   6191   2465  0.2281      0.1075          -1     21     -1     -1    32  1020    345
    309  1   6191   2584   6192   2467   1.325      0.1075         100    126     -1     -1    32  1020    347
    310  1   6192   2594   6193   2476  0.2215      0.1075          -1     21     -1     -1    32  1020    333
    311  1   6193   2596   6194   2479   1.187      0.1075          82    108     -1     -1    32  1020    337
    312  1   6194   2608     21   2491  0.3187      0.1075          20     42     -1     -1    32  1020    335
    313  1     21   2616   6195   2498  0.2950      0.1075          20     42     -1     -1    32  1020    341
    314  1   6195   2622   6196   2504   1.143      0.1075          82    108     -1     -1    32  1020    338
    315  1   6196   2634   6197   2516  0.2202      0.1075          -1     21     -1     -1    32  1020    348
    316  1   6197   2637   6198   2518   1.308      0.1075         100    126     -1     -1    32  1020    346
    317  1   6198   2646   6199   2528  0.2195      0.1075          -1     21     -1     -1    32  1020    339
    318  1   6199   2649   6200   2530   2.533      0.1075         214    246     -1     -1    32  1020    350
    319  1   6200   2667   5871   2549  0.4424      0.1075          20     42     -1     -1    32  1020    342
    320  1   5871   2674   5869   2556  0.1459E-01  0.1075          -1     21     -1     -1    32  1020    340
 NUMBER LOOP  LINES                     AREA       ELEM SIZE    #NODES  #ELEM    MAT   REAL   TYP  ESYS   SECN
    321  1   5873   2675   5874   2557  0.1188E-01  0.1075          -1     21     -1     -1    32  1021    352
    322  1   5874   2676   6201   2558  0.3999      0.1075          20     42     -1     -1    32  1021    354
    323  1   6201   2682   6202   2564   2.248      0.1075         210    240     -1     -1    32  1021    367
    324  1   6202   2699   6203   2582  0.2280      0.1075          -1     21     -1     -1    32  1021    363
    325  1   6203   2701   6204   2584   1.324      0.1075         100    126     -1     -1    32  1021    365
    326  1   6204   2712   6205   2594  0.2201      0.1075          -1     21     -1     -1    32  1021    351
    327  1   6205   2714   6206   2596   1.111      0.1075          80    105     -1     -1    32  1021    355
    328  1   6206   2726     22   2608  0.2985      0.1075          20     42     -1     -1    32  1021    353
    329  1     22   2734   6207   2616  0.2751      0.1075          20     42     -1     -1    32  1021    359
    330  1   6207   2740   6208   2622   1.086      0.1075          80    105     -1     -1    32  1021    356
    331  1   6208   2752   6209   2634  0.2201      0.1075          -1     21     -1     -1    32  1021    366
    332  1   6209   2755   6210   2637   1.308      0.1075         100    126     -1     -1    32  1021    364
    333  1   6210   2765   6211   2646  0.2199      0.1075          -1     21     -1     -1    32  1021    357
    334  1   6211   2768   6212   2649   2.218      0.1075         210    240     -1     -1    32  1021    368
    335  1   6212   2785   5875   2667  0.4117      0.1075          20     42     -1     -1    32  1021    360
    336  1   5875   2792   5873   2674  0.1378E-01  0.1075          -1     21     -1     -1    32  1021    358
    337  1   5877   2793   5878   2675  0.1052E-01  0.1075          -1     21     -1     -1    32  1022    370
    338  1   5878   2794   6213   2676  0.3678      0.1075          20     42     -1     -1    32  1022    372
    339  1   6213   2800   6214   2682   1.973      0.1075         147    176     -1     -1    32  1022    385
    340  1   6214   2816   6215   2699  0.2280      0.1075          -1     21     -1     -1    32  1022    381
 NUMBER LOOP  LINES                     AREA       ELEM SIZE    #NODES  #ELEM    MAT   REAL   TYP  ESYS   SECN
    341  1   6215   2819   6216   2701   1.324      0.1075         100    126     -1     -1    32  1022    383
    342  1   6216   2830   6217   2712  0.2192      0.1075          -1     21     -1     -1    32  1022    369
    343  1   6217   2832   6218   2714   1.041      0.1075          80    105     -1     -1    32  1022    373
    344  1   6218   2844     23   2726  0.2796      0.1075          20     42     -1     -1    32  1022    371
    345  1     23   2852   6219   2734  0.2567      0.1075          20     42     -1     -1    32  1022    377
    346  1   6219   2858   6220   2740   1.031      0.1075          80    105     -1     -1    32  1022    374
    347  1   6220   2870   6221   2752  0.2201      0.1075          -1     21     -1     -1    32  1022    384
    348  1   6221   2873   6222   2755   1.309      0.1075         100    126     -1     -1    32  1022    382
    349  1   6222   2884   6223   2765  0.2203      0.1075          -1     21     -1     -1    32  1022    375
    350  1   6223   2887   6224   2768   1.953      0.1075         152    181     -1     -1    32  1022    386
    351  1   6224   2903   5879   2785  0.3797      0.1075          20     42     -1     -1    32  1022    378
    352  1   5879   2910   5877   2792  0.1307E-01  0.1075          -1     21     -1     -1    32  1022    376
    353  1   5881   2911   5882   2793  0.1716E-01  0.1075          -1     14     -1     -1    32  1023    388
    354  1   5882   2912   6225   2794  0.2091      0.1075          13     28     -1     -1    32  1023    390
    355  1   6225   2918   6226   2800   1.185      0.1075          91    112     -1     -1    32  1023    403
    356  1   6226   2935   6227   2816  0.1518      0.1075          -1     14     -1     -1    32  1023    399
    357  1   6227   2938   6228   2819  0.8806      0.1075          65     84     -1     -1    32  1023    401
    358  1   6228   2961   6229   2830  0.1455      0.1075          -1     14     -1     -1    32  1023    387
    359  1   6229   2967   6230   2832  0.6579      0.1075          52     70     -1     -1    32  1023    391
    360  1   6230   2994   6231   2844  0.1717      0.1075          13     28     -1     -1    32  1023    389
 NUMBER LOOP  LINES                     AREA       ELEM SIZE    #NODES  #ELEM    MAT   REAL   TYP  ESYS   SECN
    361  1   6231   3018   6232   2852  0.1652      0.1075          13     28     -1     -1    32  1023    395
    362  1   6232   3044   6233   2858  0.6580      0.1075          52     70     -1     -1    32  1023    392
    363  1   6233   3071   6234   2870  0.1465      0.1075          -1     14     -1     -1    32  1023    402
    364  1   6234   3077   6235   2873  0.8719      0.1075          65     84     -1     -1    32  1023    400
    365  1   6235   3097   6236   2884  0.1468      0.1075          -1     14     -1     -1    32  1023    393
    366  1   6236   3099   6237   2887   1.177      0.1075          91    112     -1     -1    32  1023    404
    367  1   6237   3108   5883   2903  0.2313      0.1075          13     28     -1     -1    32  1023    396
    368  1   5883   3112   5881   2910  0.9452E-02  0.1075          -1     14     -1     -1    32  1023    394
    369  1   5885   3113   5886   2911  0.8191E-02  0.1075          -1      7     -1     -1    32  1024    406
    370  1   5886   3114   6238   2912  0.9971E-01  0.1075           6     14     -1     -1    32  1024    408
    371  1   6238   3121   6239   2918  0.5616      0.1075          42     56     -1     -1    32  1024    421
    372  1   6239   3138   6240   2935  0.7624E-01  0.1075          -1      7     -1     -1    32  1024    417
    373  1   6240   3141   6241   2938  0.4422      0.1075          30     42     -1     -1    32  1024    419
    374  1   6241   3164   6242   2961  0.7298E-01  0.1075          -1      7     -1     -1    32  1024    405
    375  1   6242   3170   6243   2967  0.3201      0.1075          24     35     -1     -1    32  1024    409
    376  1   6243   3197   6244   2994  0.8328E-01  0.1075           6     14     -1     -1    32  1024    407
    377  1   6244   3222   6245   3018  0.8045E-01  0.1075           1      9     -1     -1    32  1024    413
    378  1   6245   3247   6246   3044  0.3216      0.1075          24     35     -1     -1    32  1024    410
    379  1   6246   3274   6247   3071  0.7358E-01  0.1075          -1      7     -1     -1    32  1024    420
    380  1   6247   3280   6248   3077  0.4379      0.1075          30     42     -1     -1    32  1024    418
 NUMBER LOOP  LINES                     AREA       ELEM SIZE    #NODES  #ELEM    MAT   REAL   TYP  ESYS   SECN
    381  1   6248   3299   6249   3097  0.7377E-01  0.1075          -1      7     -1     -1    32  1024    411
    382  1   6249   3301   6250   3099  0.5586      0.1075          42     56     -1     -1    32  1024    422
    383  1   6250   3310   5887   3108  0.1104      0.1075           6     14     -1     -1    32  1024    414
    384  1   5887   3314   5885   3112  0.5170E-02  0.1075          -1      7     -1     -1    32  1024    412
    385  1   5889   3315   5890   3113  0.4572E-02  0.1075          -1     21     -1     -1    32  1025    424
    386  1   5890   3316   6251   3114  0.3055      0.1075          20     42     -1     -1    32  1025    426
    387  1   6251   3323   6252   3121   1.569      0.1075         128    156     -1     -1    32  1025    439
    388  1   6252   3339   6253   3138  0.2281      0.1075          -1     21     -1     -1    32  1025    435
    389  1   6253   3342   6254   3141   1.324      0.1075         100    126     -1     -1    32  1025    437
    390  1   6254   3366   6255   3164  0.2182      0.1075          -1     21     -1     -1    32  1025    423
    391  1   6255   3372   6256   3170  0.9271      0.1075          62     87     -1     -1    32  1025    427
    392  1   6256   3400     24   3197  0.2400      0.1075           1     23     -1     -1    32  1025    425
    393  1     24   3424   6257   3222  0.2238      0.1075          -1     21     -1     -1    32  1025    431
    394  1   6257   3449   6258   3247  0.9344      0.1075          62     87     -1     -1    32  1025    428
    395  1   6258   3476   6259   3274  0.2200      0.1075          -1     21     -1     -1    32  1025    438
    396  1   6259   3482   6260   3280   1.310      0.1075         100    126     -1     -1    32  1025    436
    397  1   6260   3502   6261   3299  0.2209      0.1075          -1     21     -1     -1    32  1025    429
    398  1   6261   3504   6262   3301   1.565      0.1075         127    155     -1     -1    32  1025    440
    399  1   6262   3512   5891   3310  0.3131      0.1075          20     42     -1     -1    32  1025    432
    400  1   5891   3516   5889   3314  0.1480E-01  0.1075          -1     21     -1     -1    32  1025    430
 NUMBER LOOP  LINES                     AREA       ELEM SIZE    #NODES  #ELEM    MAT   REAL   TYP  ESYS   SECN
    401  1   5893   3517   5894   3315  0.4403E-02  0.1075          -1     21     -1     -1    32  1026    442
    402  1   5894   3518   6263   3316  0.2811      0.1075          20     42     -1     -1    32  1026    444
    403  1   6263   3525   6264   3323   1.431      0.1075         103    130     -1     -1    32  1026    457
    404  1   6264   3541   6265   3339  0.2278      0.1075          -1     21     -1     -1    32  1026    453
    405  1   6265   3544   6266   3342   1.325      0.1075         100    126     -1     -1    32  1026    455
    406  1   6266   3568   6267   3366  0.2180      0.1075          -1     21     -1     -1    32  1026    441
    407  1   6267   3574   6268   3372  0.8950      0.1075          60     84     -1     -1    32  1026    445
    408  1   6268   3602     25   3400  0.2098      0.1075          -1     21     -1     -1    32  1026    443
    409  1     25   3626   6269   3424  0.2005      0.1075          -1     21     -1     -1    32  1026    449
    410  1   6269   3650   6270   3449  0.9060      0.1075          60     84     -1     -1    32  1026    446
    411  1   6270   3678   6271   3476  0.2199      0.1075          -1     21     -1     -1    32  1026    456
    412  1   6271   3684   6272   3482   1.311      0.1075         100    126     -1     -1    32  1026    454
    413  1   6272   3704   6273   3502  0.2211      0.1075          -1     21     -1     -1    32  1026    447
    414  1   6273   3706   6274   3504   1.434      0.1075         111    138     -1     -1    32  1026    458
    415  1   6274   3714   5895   3512  0.2878      0.1075          20     42     -1     -1    32  1026    450
    416  1   5895   3718   5893   3516  0.1392E-01  0.1075          -1     21     -1     -1    32  1026    448
    417  1   5897   3719   5898   3517  0.4282E-02  0.1075          -1     21     -1     -1    32  1027    460
    418  1   5898   3720   6275   3518  0.2598      0.1075          20     42     -1     -1    32  1027    462
    419  1   6275   3727   6276   3525   1.345      0.1075         100    126     -1     -1    32  1027    475
    420  1   6276   3742   6277   3541  0.2272      0.1075          -1     21     -1     -1    32  1027    471
 NUMBER LOOP  LINES                     AREA       ELEM SIZE    #NODES  #ELEM    MAT   REAL   TYP  ESYS   SECN
    421  1   6277   3746   6278   3544   1.325      0.1075         100    126     -1     -1    32  1027    473
    422  1   6278   3771   6279   3568  0.2180      0.1075          -1     21     -1     -1    32  1027    459
    423  1   6279   3777   6280   3574  0.8648      0.1075          60     84     -1     -1    32  1027    463
    424  1   6280   3806     26   3602  0.1788      0.1075          -1     21     -1     -1    32  1027    461
    425  1     26   3828   6281   3626  0.1750      0.1075          -1     21     -1     -1    32  1027    467
    426  1   6281   3851   6282   3650  0.8795      0.1075          60     84     -1     -1    32  1027    464
    427  1   6282   3879   6283   3678  0.2200      0.1075          -1     21     -1     -1    32  1027    474
    428  1   6283   3886   6284   3684   1.311      0.1075         100    126     -1     -1    32  1027    472
    429  1   6284   3906   6285   3704  0.2212      0.1075          -1     21     -1     -1    32  1027    465
    430  1   6285   3908   6286   3706   1.352      0.1075         100    126     -1     -1    32  1027    476
    431  1   6286   3917   5899   3714  0.2656      0.1075          20     42     -1     -1    32  1027    468
    432  1   5899   3920   5897   3718  0.1321E-01  0.1075          -1     21     -1     -1    32  1027    466
    433  1   5901   3921   5902   3719  0.4203E-02  0.1075          -1     21     -1     -1    32  1028    478
    434  1   5902   3922   6287   3720  0.2472      0.1075          20     42     -1     -1    32  1028    480
    435  1   6287   3929   6288   3727   1.299      0.1075         100    126     -1     -1    32  1028    493
    436  1   6288   3944   6289   3742  0.2264      0.1075          -1     21     -1     -1    32  1028    489
    437  1   6289   3948   6290   3746   1.323      0.1075         100    126     -1     -1    32  1028    491
    438  1   6290   3974   6291   3771  0.2180      0.1075          -1     21     -1     -1    32  1028    477
    439  1   6291   3980   6292   3777  0.8203      0.1075          60     84     -1     -1    32  1028    481
    440  1   6292   4008     27   3806  0.1612      0.1075          -1     21     -1     -1    32  1028    479
 NUMBER LOOP  LINES                     AREA       ELEM SIZE    #NODES  #ELEM    MAT   REAL   TYP  ESYS   SECN
    441  1     27   4030   6293   3828  0.1616      0.1075          -1     21     -1     -1    32  1028    485
    442  1   6293   4053   6294   3851  0.8389      0.1075          60     84     -1     -1    32  1028    482
    443  1   6294   4081   6295   3879  0.2202      0.1075          -1     21     -1     -1    32  1028    492
    444  1   6295   4087   6296   3886   1.312      0.1075         100    126     -1     -1    32  1028    490
    445  1   6296   4108   6297   3906  0.2213      0.1075          -1     21     -1     -1    32  1028    483
    446  1   6297   4110   6298   3908   1.309      0.1075         100    126     -1     -1    32  1028    494
    447  1   6298   4119   5903   3917  0.2525      0.1075          20     42     -1     -1    32  1028    486
    448  1   5903   4122   5901   3920  0.1266E-01  0.1075          -1     21     -1     -1    32  1028    484
    449  1   5905   4123   5906   3921  0.4115E-02  0.1075          -1     21     -1     -1    32  1029    496
    450  1   5906   4124   6299   3922  0.2405      0.1075          20     42     -1     -1    32  1029    498
    451  1   6299   4131   6300   3929   1.248      0.1075         100    126     -1     -1    32  1029    498
    452  1   6300   4146   6301   3944  0.2257      0.1075          -1     21     -1     -1    32  1029    505
    453  1   6301   4149   6302   3948   1.322      0.1075         100    126     -1     -1    32  1029    507
    454  1   6302   4177   6303   3974  0.2181      0.1075          -1     21     -1     -1    32  1029    495
    455  1   6303   4183   6304   3980  0.7590      0.1075          60     84     -1     -1    32  1029    497
    456  1   6304   4210     28   4008  0.1517      0.1075          -1     21     -1     -1    32  1029    497
    457  1     28   4232   6305   4030  0.1558      0.1075          -1     21     -1     -1    32  1029    501
    458  1   6305   4255   6306   4053  0.7808      0.1075          60     84     -1     -1    32  1029    501
    459  1   6306   4282   6307   4081  0.2206      0.1075          -1     21     -1     -1    32  1029    508
    460  1   6307   4288   6308   4087   1.312      0.1075         100    126     -1     -1    32  1029    506
 NUMBER LOOP  LINES                     AREA       ELEM SIZE    #NODES  #ELEM    MAT   REAL   TYP  ESYS   SECN
    461  1   6308   4310   6309   4108  0.2212      0.1075          -1     21     -1     -1    32  1029    499
    462  1   6309   4312   6310   4110   1.260      0.1075         100    126     -1     -1    32  1029    502
    463  1   6310   4321   5907   4119  0.2454      0.1075          20     42     -1     -1    32  1029    502
    464  1   5907   4324   5905   4122  0.1209E-01  0.1075          -1     21     -1     -1    32  1029    500
    465  1   5909   4325   5910   4123  0.4566E-02  0.1075          -1     21     -1     -1    32  1030    510
    466  1   5910   4326   6311   4124  0.2278      0.1075           1     23     -1     -1    32  1030    512
    467  1   6311   4332   6312   4131   1.127      0.1075          85    111     -1     -1    32  1030    512
    468  1   6312   4347   6313   4146  0.2256      0.1075          -1     21     -1     -1    32  1030    519
    469  1   6313   4351   6314   4149   1.326      0.1075         100    126     -1     -1    32  1030    521
    470  1   6314   4379   6315   4177  0.2188      0.1075          -1     21     -1     -1    32  1030    509
    471  1   6315   4386   6316   4183  0.6699      0.1075          41     65     -1     -1    32  1030    511
    472  1   6316   4411   6317   4210  0.1358      0.1075          -1     21     -1     -1    32  1030    511
    473  1   6317   4433   6318   4232  0.1497      0.1075          -1     21     -1     -1    32  1030    515
    474  1   6318   4457   6319   4255  0.6936      0.1075          41     65     -1     -1    32  1030    515
    475  1   6319   4482   6320   4282  0.2218      0.1075          -1     21     -1     -1    32  1030    522
    476  1   6320   4489   6321   4288   1.316      0.1075         100    126     -1     -1    32  1030    520
    477  1   6321   4512   6322   4310  0.2220      0.1075          -1     21     -1     -1    32  1030    513
    478  1   6322   4515   6323   4312   1.141      0.1075          86    112     -1     -1    32  1030    516
    479  1   6323   4523   5911   4321  0.2327      0.1075           1     23     -1     -1    32  1030    516
    480  1   5911   4526   5909   4324  0.8439E-02  0.1075          -1     21     -1     -1    32  1030    514
 NUMBER LOOP  LINES                     AREA       ELEM SIZE    #NODES  #ELEM    MAT   REAL   TYP  ESYS   SECN
    481  1   5913   4527   5914   4325  0.4875E-03  0.1075          -1      2     -1     -1    32  1031    524
    482  1   5914   4528   6324   4326  0.2105E-01  0.1075          -1      2     -1     -1    32  1031    526
    483  1   6324   4534   6325   4332  0.9912E-01  0.1075           4     10     -1     -1    32  1031    526
    484  1   6325   4549   6326   4347  0.2180E-01  0.1075          -1      2     -1     -1    32  1031    533
    485  1   6326   4552   6327   4351  0.1283      0.1075           5     12     -1     -1    32  1031    535
    486  1   6327   4581   6328   4379  0.2119E-01  0.1075          -1      2     -1     -1    32  1031    523
    487  1   6328   4588   6329   4386  0.5878E-01  0.1075           2      6     -1     -1    32  1031    525
    488  1   6329   4613   6330   4411  0.1199E-01  0.1075          -1      2     -1     -1    32  1031    525
    489  1   6330   4635   6331   4433  0.1412E-01  0.1075          -1      2     -1     -1    32  1031    529
    490  1   6331   4659   6332   4457  0.6110E-01  0.1075           2      6     -1     -1    32  1031    529
    491  1   6332   4684   6333   4482  0.2151E-01  0.1075          -1      2     -1     -1    32  1031    536
    492  1   6333   4691   6334   4489  0.1274      0.1075           5     12     -1     -1    32  1031    534
    493  1   6334   4715   6335   4512  0.2150E-01  0.1075          -1      2     -1     -1    32  1031    527
    494  1   6335   4717   6336   4515  0.1006      0.1075           4     10     -1     -1    32  1031    530
    495  1   6336   4725   5915   4523  0.2155E-01  0.1075          -1      2     -1     -1    32  1031    530
    496  1   5915   4728   5913   4526  0.4879E-03  0.1075          -1      2     -1     -1    32  1031    528
    497  1   5917   4729   5918   4527  0.2772E-02  0.1075          -1     12     -1     -1    32  1032    538
    498  1   5918   4730   6337   4528  0.1195      0.1075          -1     12     -1     -1    32  1032    540
    499  1   6337   4736   6338   4534  0.5225      0.1075          35     51     -1     -1    32  1032    540
    500  1   6338   4750   6339   4549  0.1301      0.1075          -1     12     -1     -1    32  1032    547
 NUMBER LOOP  LINES                     AREA       ELEM SIZE    #NODES  #ELEM    MAT   REAL   TYP  ESYS   SECN
    501  1   6339   4753   6340   4552  0.7672      0.1075          55     72     -1     -1    32  1032    549
    502  1   6340   4783   6341   4581  0.1267      0.1075          -1     12     -1     -1    32  1032    537
    503  1   6341   4791   6342   4588  0.3217      0.1075          22     36     -1     -1    32  1032    539
    504  1   6342   4815   6343   4613  0.6806E-01  0.1075          -1     12     -1     -1    32  1032    539
    505  1   6343   4837   6344   4635  0.8012E-01  0.1075          -1     12     -1     -1    32  1032    543
    506  1   6344   4861   6345   4659  0.3346      0.1075          22     36     -1     -1    32  1032    543
    507  1   6345   4885   6346   4684  0.1287      0.1075          -1     12     -1     -1    32  1032    550
    508  1   6346   4893   6347   4691  0.7618      0.1075          55     72     -1     -1    32  1032    548
    509  1   6347   4917   6348   4715  0.1286      0.1075          -1     12     -1     -1    32  1032    541
    510  1   6348   4919   6349   4717  0.5310      0.1075          38     54     -1     -1    32  1032    544
    511  1   6349   4927   5919   4725  0.1223      0.1075          -1     12     -1     -1    32  1032    544
    512  1   5919   4930   5917   4728  0.2774E-02  0.1075          -1     12     -1     -1    32  1032    542
    513  1   5921   4931   5922   4729  0.2466E-02  0.1075          -1     12     -1     -1    32  1033    552
    514  1   5922   4932   6350   4730  0.1059      0.1075          -1     12     -1     -1    32  1033    554
    515  1   6350   4938   6351   4736  0.3695      0.1075          23     38     -1     -1    32  1033    554
    516  1   6351   4949   6352   4750  0.1293      0.1075          -1     12     -1     -1    32  1033    561
    517  1   6352   4953   6353   4753  0.7684      0.1075          55     72     -1     -1    32  1033    563
    518  1   6353   4986   6354   4783  0.1269      0.1075          -1     12     -1     -1    32  1033    551
    519  1   6354   4995   6355   4791  0.2617      0.1075          12     26     -1     -1    32  1033    553
    520  1   6355   5017   6356   4815  0.6034E-01  0.1075          -1     12     -1     -1    32  1033    553
 NUMBER LOOP  LINES                     AREA       ELEM SIZE    #NODES  #ELEM    MAT   REAL   TYP  ESYS   SECN
    521  1   6356   5039   6357   4837  0.7104E-01  0.1075          -1     12     -1     -1    32  1033    557
    522  1   6357   5063   6358   4861  0.2726      0.1075          12     26     -1     -1    32  1033    557
    523  1   6358   5085   6359   4885  0.1291      0.1075          -1     12     -1     -1    32  1033    564
    524  1   6359   5094   6360   4893  0.7630      0.1075          55     72     -1     -1    32  1033    562
    525  1   6360   5120   6361   4917  0.1289      0.1075          -1     12     -1     -1    32  1033    555
    526  1   6361   5123   6362   4919  0.3772      0.1075          26     41     -1     -1    32  1033    558
    527  1   6362   5129   5923   4927  0.1084      0.1075          -1     12     -1     -1    32  1033    558
    528  1   5923   5132   5921   4930  0.2467E-02  0.1075          -1     12     -1     -1    32  1033    556
    529  1   5925   5133   5926   4931  0.2047E-02  0.1075          -1     12     -1     -1    32  1034    566
    530  1   5926   5134   6363   4932  0.8742E-01  0.1075          -1     12     -1     -1    32  1034    568
    531  1   6363   5140   6364   4938  0.2495      0.1075          12     26     -1     -1    32  1034    568
    532  1   6364   5151   6365   4949  0.1147      0.1075          -1     12     -1     -1    32  1034    573
    533  1   6365   5155   6366   4953  0.6862      0.1075          47     64     -1     -1    32  1034    575
    534  1   6366   5188   6367   4986  0.1134      0.1075          -1     12     -1     -1    32  1034    565
    535  1   6367   5197   6368   4995  0.2031      0.1075          11     24     -1     -1    32  1034    567
    536  1   6368   5219   6369   5017  0.4983E-01  0.1075          -1     12     -1     -1    32  1034    567
    537  1   6369   5241   6370   5039  0.5866E-01  0.1075          -1     12     -1     -1    32  1034    571
    538  1   6370   5265   6371   5063  0.2118      0.1075          11     24     -1     -1    32  1034    571
    539  1   6371   5287   6372   5085  0.1154      0.1075          -1     12     -1     -1    32  1034    576
    540  1   6372   5296   6373   5094  0.6814      0.1075          49     66     -1     -1    32  1034    574
 NUMBER LOOP  LINES                     AREA       ELEM SIZE    #NODES  #ELEM    MAT   REAL   TYP  ESYS   SECN
    541  1   6373   5322   6374   5120  0.1151      0.1075          -1     12     -1     -1    32  1034    569
    542  1   6374   5325   6375   5123  0.2557      0.1075          14     28     -1     -1    32  1034    572
    543  1   6375   5331   5927   5129  0.8955E-01  0.1075          -1     12     -1     -1    32  1034    572
    544  1   5927   5334   5925   5132  0.2049E-02  0.1075          -1     12     -1     -1    32  1034    570
    545  1   5929   5335   5930   5133  0.1492E-02  0.1075          -1     12     -1     -1    32  1035    578
    546  1   5930   5336   6376   5134  0.6318E-01  0.1075          -1     12     -1     -1    32  1035    580
    547  1   6376   5342   6377   5140  0.1803      0.1075          11     24     -1     -1    32  1035    580
    548  1   6377   5353   6378   5151  0.8293E-01  0.1075          -1     12     -1     -1    32  1035    585
    549  1   6378   5357   6379   5155  0.4961      0.1075          48     63     -1     -1    32  1035    587
    550  1   6379   5390   6380   5188  0.8194E-01  0.1075          -1     12     -1     -1    32  1035    577
    551  1   6380   5399   6381   5197  0.1468      0.1075           2     15     -1     -1    32  1035    579
    552  1   6381   5421   6382   5219  0.3604E-01  0.1075          -1     12     -1     -1    32  1035    579
    553  1   6382   5443   6383   5241  0.4243E-01  0.1075          -1     12     -1     -1    32  1035    583
    554  1   6383   5467   6384   5265  0.1532      0.1075           2     15     -1     -1    32  1035    583
    555  1   6384   5489   6385   5287  0.8344E-01  0.1075          -1     12     -1     -1    32  1035    588
    556  1   6385   5498   6386   5296  0.4926      0.1075          48     63     -1     -1    32  1035    586
    557  1   6386   5524   6387   5322  0.8325E-01  0.1075          -1     12     -1     -1    32  1035    581
    558  1   6387   5527   6388   5325  0.1849      0.1075          11     24     -1     -1    32  1035    584
    559  1   6388   5533   5931   5331  0.6475E-01  0.1075          -1     12     -1     -1    32  1035    584
    560  1   5931   5536   5929   5334  0.1493E-02  0.1075          -1     12     -1     -1    32  1035    582
 NUMBER LOOP  LINES                     AREA       ELEM SIZE    #NODES  #ELEM    MAT   REAL   TYP  ESYS   SECN
    561  1   5933   5537   5934   5335  0.7769E-03  0.1075          -1     13     -1     -1    32  1036    590
    562  1   5934   5538   6389   5336  0.3235E-01  0.1075          -1     13     -1     -1    32  1036    592
    563  1   6389   5544   6390   5342  0.9232E-01  0.1075           2     15     -1     -1    32  1036    592
    564  1   6390   5555   6391   5353  0.4246E-01  0.1075          -1     12     -1     -1    32  1036    597
    565  1   6391   5559   6392   5357  0.2540      0.1075          24     37     -1     -1    32  1036    599
    566  1   6392   5592   6393   5390  0.4196E-01  0.1075          -1     12     -1     -1    32  1036    589
    567  1   6393   5601   6394   5399  0.7520E-01  0.1075          -1     12     -1     -1    32  1036    591
    568  1   6394   5623   6395   5421  0.1847E-01  0.1075          -1     12     -1     -1    32  1036    591
    569  1   6395   5645   6396   5443  0.2175E-01  0.1075          -1     12     -1     -1    32  1036    595
    570  1   6396   5669   6397   5467  0.7844E-01  0.1075          -1     12     -1     -1    32  1036    595
    571  1   6397   5691   6398   5489  0.4273E-01  0.1075          -1     12     -1     -1    32  1036    600
    572  1   6398   5700   6399   5498  0.2523      0.1075          24     37     -1     -1    32  1036    598
    573  1   6399   5726   6400   5524  0.4264E-01  0.1075          -1     12     -1     -1    32  1036    593
    574  1   6400   5729   6401   5527  0.9471E-01  0.1075           2     15     -1     -1    32  1036    596
    575  1   6401   5735   5935   5533  0.3317E-01  0.1075          -1     13     -1     -1    32  1036    596
    576  1   5935   5738   5933   5536  0.7774E-03  0.1075          -1     13     -1     -1    32  1036    594
    577  1     30   6017     32   6010   4.306      0.1075         358    397     -1     -1    32  1006   1091
    578  1     33   6016     34   6011   3.771      0.1075         311    348     -1     -1    32  1006   1092
    579  1     32   6031     35   6024   4.074      0.1075         330    368     -1     -1    32  1007   1109
    580  1     34   6030     36   6025   3.540      0.1075         287    323     -1     -1    32  1007   1110
 NUMBER LOOP  LINES                     AREA       ELEM SIZE    #NODES  #ELEM    MAT   REAL   TYP  ESYS   SECN
    581  1     35   6045     37   6038   4.312      0.1075         351    391     -1     -1    32  1008   1127
    582  1     36   6044     39   6039   3.769      0.1075         306    344     -1     -1    32  1008   1128
    583  1     37   6059     41   6052   3.094      0.1075         255    288     -1     -1    32  1009   1145
    584  1     39   6058     42   6053   2.722      0.1075         221    252     -1     -1    32  1009   1146
    585  1     41   6073     43   6066   3.488      0.1075         284    320     -1     -1    32  1010   1163
    586  1     42   6072     44   6067   3.087      0.1075         260    294     -1     -1    32  1010   1164
    587  1     43   6088     45   6080   4.087      0.1075         334    374     -1     -1    32  1011   1181
    588  1     44   6087     46   6081   3.677      0.1075         327    366     -1     -1    32  1011   1182
    589  1     45   6102     47   6094   2.328      0.1075         186    215     -1     -1    32  1012   1199
    590  1     46   6101     48   6095   2.126      0.1075         170    198     -1     -1    32  1012   1200
    591  1     47   6114     49   6107   2.914      0.1075         240    273     -1     -1    32  1013   1217
    592  1     48   6113     50   6108   2.679      0.1075         220    252     -1     -1    32  1013   1218
    593  1     49   6126     51   6119   2.689      0.1075         252    284     -1     -1    32  1014   1235
    594  1     50   6125     53   6120   2.508      0.1075         205    237     -1     -1    32  1014   1236
    595  1     51   6138     54   6131   2.435      0.1075         189    220     -1     -1    32  1015   1253
    596  1     53   6137     55   6132   2.328      0.1075         186    217     -1     -1    32  1015   1254
    597  1     54   6150     56   6143   2.161      0.1075         171    201     -1     -1    32  1016   1271
    598  1     55   6149     57   6144   2.146      0.1075         169    199     -1     -1    32  1016   1272
    599  1     56   6162     59   6155   1.885      0.1075         149    178     -1     -1    32  1017   1289
    600  1     57   6161     60   6156   1.970      0.1075         160    189     -1     -1    32  1017   1290
 NUMBER LOOP  LINES                     AREA       ELEM SIZE    #NODES  #ELEM    MAT   REAL   TYP  ESYS   SECN
    601  1     59   6174     61   6167  0.3177      0.1075          21     32     -1     -1    32  1018   1307
    602  1     60   6173     62   6168  0.3444      0.1075          23     35     -1     -1    32  1018   1308
    603  1     61   6186     63   6179   1.310      0.1075         106    130     -1     -1    32  1019   1325
    604  1     62   6185     65   6180   1.449      0.1075         112    136     -1     -1    32  1019   1326
    605  1     63   6198     66   6191   1.416      0.1075         113    140     -1     -1    32  1020   1343
    606  1     65   6197     67   6192   1.614      0.1075         135    163     -1     -1    32  1020   1344
    607  1     66   6210     68   6203   1.234      0.1075          90    116     -1     -1    32  1021   1361
    608  1     67   6209     69   6204   1.452      0.1075         114    141     -1     -1    32  1021   1362
    609  1     68   6222     70   6215   1.077      0.1075          80    105     -1     -1    32  1022   1379
    610  1     69   6221     71   6216   1.307      0.1075         100    126     -1     -1    32  1022   1380
    611  1     70   6235     72   6227  0.6419      0.1075          45     63     -1     -1    32  1023   1397
    612  1     71   6234     73   6228  0.7982      0.1075          54     73     -1     -1    32  1023   1398
    613  1     72   6248     74   6240  0.3022      0.1075          18     28     -1     -1    32  1024   1415
    614  1     73   6247     75   6241  0.3823      0.1075          24     35     -1     -1    32  1024   1416
    615  1     74   6260     77   6253  0.8334      0.1075          60     84     -1     -1    32  1025   1433
    616  1     75   6259     79   6254   1.091      0.1075          80    105     -1     -1    32  1025   1434
    617  1     77   6272     80   6265  0.7418      0.1075          60     84     -1     -1    32  1026   1451
    618  1     79   6271     81   6266   1.019      0.1075          80    105     -1     -1    32  1026   1452
    619  1     80   6284     82   6277  0.6751      0.1075          41     65     -1     -1    32  1027   1469
    620  1     81   6283     83   6278  0.9591      0.1075          63     88     -1     -1    32  1027   1470
 NUMBER LOOP  LINES                     AREA       ELEM SIZE    #NODES  #ELEM    MAT   REAL   TYP  ESYS   SECN
    621  1     82   6296     84   6289  0.6304      0.1075          40     63     -1     -1    32  1028   1487
    622  1     83   6295     86   6290  0.9077      0.1075          60     84     -1     -1    32  1028   1488
    623  1     84   6308     88   6301  0.5882      0.1075          40     63     -1     -1    32  1029   1503
    624  1     86   6307     89   6302  0.8549      0.1075          60     84     -1     -1    32  1029   1504
    625  1     88   6321     90   6313  0.5185      0.1075          40     63     -1     -1    32  1030   1517
    626  1     89   6320     91   6314  0.7822      0.1075          60     84     -1     -1    32  1030   1518
    627  1     90   6334     92   6326  0.4519E-01  0.1075           2      6     -1     -1    32  1031   1531
    628  1     91   6333     93   6327  0.7084E-01  0.1075           3      8     -1     -1    32  1031   1532
    629  1     92   6347     94   6339  0.2416      0.1075          11     24     -1     -1    32  1032   1545
    630  1     93   6346     95   6340  0.4009      0.1075          23     38     -1     -1    32  1032   1546
    631  1     94   6360     96   6352  0.1787      0.1075          11     24     -1     -1    32  1033   1559
    632  1     95   6359     97   6353  0.3534      0.1075          22     36     -1     -1    32  1033   1560
