

                         ***********  PRECISE MASS SUMMARY  ***********

   TOTAL RIGID BODY MASS MATRIX ABOUT ORIGIN
               Translational mass               |   Coupled translational/rotational mass
         14406.        0.0000        0.0000     |     0.0000       0.26451E+06   -3400.0    
         0.0000        14406.        0.0000     |   -0.26451E+06    0.0000       -4424.9    
         0.0000        0.0000        14406.     |     3400.0        4424.9        0.0000    
     ------------------------------------------ | ------------------------------------------
                                                |         Rotational mass (inertia)
                                                |    0.83706E+07    2482.2        80107.    
                                                |     2482.2       0.83749E+07   -32108.    
                                                |     80107.       -32108.        20432.    

   TOTAL MASS =  14406.    
     The mass principal axes coincide with the global Cartesian axes

   CENTER OF MASS (X,Y,Z)=  -0.30715       0.23601        18.361    

   TOTAL INERTIA ABOUT CENTER OF MASS
        0.35132E+07    1437.9       -1138.7    
         1437.9       0.35169E+07    30319.    
        -1138.7        30319.        18271.    

   PRINCIPAL INERTIAS =   0.35127E+07   0.35176E+07    18008.    
   ORIENTATION VECTORS OF THE INERTIA PRINCIPAL AXES IN GLOBAL CARTESIAN
     ( 0.952,-0.306,-0.003) ( 0.307, 0.952, 0.008) ( 0.000,-0.009, 1.000) 


          *********  TOTAL LOAD SUMMARY  *********
                                              X-AXIS      Y-AXIS      Z-AXIS
 FORCES AT CENTER OF MASS..................  0.0000      0.0000      0.0000    
 MOMENTS ABOUT ORIGIN......................  0.0000      0.0000      0.0000    
 MOMENTS ABOUT CENTER OF MASS..............  0.0000      0.0000      0.0000    
