
 LIST ALL SELECTED AREAS.
 NUMBER LOOP  LINES                     AREA       ELEM SIZE    #NODES  #ELEM    MAT   REAL   TYP  ESYS   SECN
      1  1   5784    115   5908      1  0.1995      0.1075          10     18     -1     -1    32  1001      2
      2  1   5908    119   5909      5  0.8930      0.1075          65     84     -1     -1    32  1001      4
      3  1   5909    138   5910     24  0.2269      0.1075          15     24     -1     -1    32  1001     15
      4  1   5910    143   5911     29  0.4784E-01  0.1075          -1      6     -1     -1    32  1001     11
      5  1   5911    145   5912     31  0.2997      0.1075          20     30     -1     -1    32  1001     13
      6  1   5912    152   5913     38  0.5431E-01  0.1075          -1      6     -1     -1    32  1001      1
      7  1   5913    154   5914     40  0.5056E-01  0.1075          -1      6     -1     -1    32  1001      5
      8  1   5914    156      2     42  0.8035      0.1075          55     72     -1     -1    32  1001      3
      9  1      2    172   5915     58  0.8025      0.1075          55     72     -1     -1    32  1001      9
     10  1   5915    188   5916     74  0.5048E-01  0.1075          -1      6     -1     -1    32  1001      6
     11  1   5916    190   5917     76  0.5423E-01  0.1075          -1      6     -1     -1    32  1001     14
     12  1   5917    192   5918     78  0.2995      0.1075          20     30     -1     -1    32  1001     12
     13  1   5918    199   5919     85  0.4783E-01  0.1075          -1      6     -1     -1    32  1001      7
     14  1   5919    201   5920     87  0.2270      0.1075          15     24     -1     -1    32  1001     16
     15  1   5920    206   5921     92  0.8943      0.1075          65     84     -1     -1    32  1001     10
     16  1   5921    225   5784    111  0.1996      0.1075          10     18     -1     -1    32  1001      8
     17  1   5786    229   5922    115  0.1995      0.1075          10     18     -1     -1    32  1002     18
     18  1   5922    233   5923    119  0.8930      0.1075          65     84     -1     -1    32  1002     20
     19  1   5923    252   5924    138  0.2268      0.1075          15     24     -1     -1    32  1002     31
     20  1   5924    257   5925    143  0.4784E-01  0.1075          -1      6     -1     -1    32  1002     27
 NUMBER LOOP  LINES                     AREA       ELEM SIZE    #NODES  #ELEM    MAT   REAL   TYP  ESYS   SECN
     21  1   5925    259   5926    145  0.2997      0.1075          20     30     -1     -1    32  1002     29
     22  1   5926    266   5927    152  0.5430E-01  0.1075          -1      6     -1     -1    32  1002     17
     23  1   5927    268   5928    154  0.5055E-01  0.1075          -1      6     -1     -1    32  1002     21
     24  1   5928    270      3    156  0.8034      0.1075          55     72     -1     -1    32  1002     19
     25  1      3    286   5929    172  0.8025      0.1075          55     72     -1     -1    32  1002     25
     26  1   5929    302   5930    188  0.5047E-01  0.1075          -1      6     -1     -1    32  1002     22
     27  1   5930    304   5931    190  0.5422E-01  0.1075          -1      6     -1     -1    32  1002     30
     28  1   5931    306   5932    192  0.2994      0.1075          20     30     -1     -1    32  1002     28
     29  1   5932    313   5933    199  0.4783E-01  0.1075          -1      6     -1     -1    32  1002     23
     30  1   5933    315   5934    201  0.2269      0.1075          15     24     -1     -1    32  1002     32
     31  1   5934    320   5935    206  0.8941      0.1075          65     84     -1     -1    32  1002     26
     32  1   5935    339   5786    225  0.1996      0.1075          10     18     -1     -1    32  1002     24
     33  1   5788    343   5936    229  0.2851      0.1075          16     27     -1     -1    32  1003     34
     34  1   5936    347   5937    233   1.273      0.1075          97    119     -1     -1    32  1003     36
     35  1   5937    366   5938    252  0.3331      0.1075          24     36     -1     -1    32  1003     47
     36  1   5938    371   5939    257  0.7039E-01  0.1075          -1      9     -1     -1    32  1003     43
     37  1   5939    373   5940    259  0.4407      0.1075          32     45     -1     -1    32  1003     45
     38  1   5940    380   5941    266  0.7960E-01  0.1075          -1      9     -1     -1    32  1003     33
     39  1   5941    382   5942    268  0.7400E-01  0.1075          -1      9     -1     -1    32  1003     37
     40  1   5942    384      4    270   1.136      0.1075          88    108     -1     -1    32  1003     35
 NUMBER LOOP  LINES                     AREA       ELEM SIZE    #NODES  #ELEM    MAT   REAL   TYP  ESYS   SECN
     41  1      4    400   5943    286   1.150      0.1075          88    108     -1     -1    32  1003     41
     42  1   5943    416   5944    302  0.7347E-01  0.1075          -1      9     -1     -1    32  1003     38
     43  1   5944    418   5945    304  0.7900E-01  0.1075          -1      9     -1     -1    32  1003     46
     44  1   5945    420   5946    306  0.4365      0.1075          32     45     -1     -1    32  1003     44
     45  1   5946    427   5947    313  0.6977E-01  0.1075          -1      9     -1     -1    32  1003     39
     46  1   5947    429   5948    315  0.3312      0.1075          24     36     -1     -1    32  1003     48
     47  1   5948    434   5949    320   1.286      0.1075          99    121     -1     -1    32  1003     42
     48  1   5949    452   5788    339  0.2943      0.1075          17     29     -1     -1    32  1003     40
     49  1   5790    456   5950    343  0.6849      0.1075          40     63     -1     -1    32  1004     50
     50  1   5950    460   5951    347   2.999      0.1075         240    273     -1     -1    32  1004     52
     51  1   5951    478   5952    366  0.8525      0.1075          60     84     -1     -1    32  1004     63
     52  1   5952    484   5953    371  0.1807      0.1075          -1     21     -1     -1    32  1004     59
     53  1   5953    486   5954    373   1.126      0.1075          90    116     -1     -1    32  1004     61
     54  1   5954    494   5955    380  0.2014      0.1075          -1     21     -1     -1    32  1004     49
     55  1   5955    496   5956    382  0.1857      0.1075          -1     21     -1     -1    32  1004     53
     56  1   5956    498      6    384   2.580      0.1075         204    236     -1     -1    32  1004     51
     57  1      6    513   5957    400   2.766      0.1075         225    258     -1     -1    32  1004     57
     58  1   5957    528   5958    416  0.1860      0.1075          -1     21     -1     -1    32  1004     54
     59  1   5958    530   5959    418  0.2009      0.1075          -1     21     -1     -1    32  1004     62
     60  1   5959    532   5960    420   1.116      0.1075          82    108     -1     -1    32  1004     60
 NUMBER LOOP  LINES                     AREA       ELEM SIZE    #NODES  #ELEM    MAT   REAL   TYP  ESYS   SECN
     61  1   5960    540   5961    427  0.1796      0.1075          -1     21     -1     -1    32  1004     55
     62  1   5961    541   5962    429  0.8554      0.1075          60     84     -1     -1    32  1004     64
     63  1   5962    546   5963    434   3.164      0.1075         231    265     -1     -1    32  1004     58
     64  1   5963    564   5790    452  0.7928      0.1075          60     84     -1     -1    32  1004     56
     65  1   5792    569   5964    456  0.6969      0.1075          40     63     -1     -1    32  1005     66
     66  1   5964    573   5965    460   3.048      0.1075         256    290     -1     -1    32  1005     68
     67  1   5965    591   5966    478  0.9707      0.1075          77    102     -1     -1    32  1005     79
     68  1   5966    597   5967    484  0.2065      0.1075          -1     21     -1     -1    32  1005     75
     69  1   5967    600   5968    486   1.273      0.1075         100    126     -1     -1    32  1005     77
     70  1   5968    608   5969    494  0.2225      0.1075          -1     21     -1     -1    32  1005     65
     71  1   5969    610   5970    496  0.2030      0.1075          -1     21     -1     -1    32  1005     69
     72  1   5970    612      7    498   2.485      0.1075         200    231     -1     -1    32  1005     67
     73  1      7    626   5971    513   2.879      0.1075         240    273     -1     -1    32  1005     73
     74  1   5971    641   5972    528  0.2076      0.1075          -1     21     -1     -1    32  1005     70
     75  1   5972    643   5973    530  0.2247      0.1075           1     23     -1     -1    32  1005     78
     76  1   5973    645   5974    532   1.262      0.1075         100    126     -1     -1    32  1005     76
     77  1   5974    652   5975    540  0.2043      0.1075          -1     21     -1     -1    32  1005     71
     78  1   5975    654   5976    541  0.9771      0.1075          66     91     -1     -1    32  1005     80
     79  1   5976    660   5977    546   3.226      0.1075         260    294     -1     -1    32  1005     74
     80  1   5977    677   5792    564   1.059      0.1075         105    130     -1     -1    32  1005     72
 NUMBER LOOP  LINES                     AREA       ELEM SIZE    #NODES  #ELEM    MAT   REAL   TYP  ESYS   SECN
     81  1   5794    683   5978    569  0.6751      0.1075          40     63     -1     -1    32  1006     82
     82  1   5978    685   5979    573   3.312      0.1075         266    301     -1     -1    32  1006     84
     83  1   5979    696   5980    591  0.9738      0.1075          76    100     -1     -1    32  1006     97
     84  1   5980    700   5981    597  0.2145      0.1075          -1     20     -1     -1    32  1006     93
     85  1   5981    702   5982    600   1.306      0.1075          95    120     -1     -1    32  1006     95
     86  1   5982    707   5983    608  0.2230      0.1075          -1     20     -1     -1    32  1006     81
     87  1   5983    708   5984    610  0.2012      0.1075          -1     20     -1     -1    32  1006     85
     88  1   5984    710      8    612   2.222      0.1075         177    207     -1     -1    32  1006     83
     89  1      8    722   5985    626   2.764      0.1075         215    247     -1     -1    32  1006     89
     90  1   5985    734   5986    641  0.2135      0.1075          -1     20     -1     -1    32  1006     86
     91  1   5986    736   5987    643  0.2326      0.1075          19     40     -1     -1    32  1006     96
     92  1   5987    737   5988    645   1.311      0.1075          95    120     -1     -1    32  1006     94
     93  1   5988    742   5989    652  0.2121      0.1075          -1     20     -1     -1    32  1006     87
     94  1   5989    744   5990    654  0.9768      0.1075          76    100     -1     -1    32  1006     98
     95  1   5990    748   5991    660   3.385      0.1075         271    306     -1     -1    32  1006     90
     96  1   5991    759   5794    677   1.371      0.1075         108    135     -1     -1    32  1006     88
     97  1   5796    763   5992    683  0.5288      0.1075          29     52     -1     -1    32  1007    100
     98  1   5992    765   5993    685   4.196      0.1075         414    452     -1     -1    32  1007    102
     99  1   5993    777   5994    696  0.9137      0.1075          62     87     -1     -1    32  1007    115
    100  1   5994    781   5995    700  0.2235      0.1075          -1     21     -1     -1    32  1007    111
 NUMBER LOOP  LINES                     AREA       ELEM SIZE    #NODES  #ELEM    MAT   REAL   TYP  ESYS   SECN
    101  1   5995    782   5996    702   1.353      0.1075         100    126     -1     -1    32  1007    113
    102  1   5996    787   5997    707  0.2291      0.1075          -1     21     -1     -1    32  1007     99
    103  1   5997    789   5998    708  0.2057      0.1075          -1     21     -1     -1    32  1007    103
    104  1   5998    791      9    710   2.142      0.1075         164    194     -1     -1    32  1007    101
    105  1      9    802   5999    722   2.747      0.1075         220    252     -1     -1    32  1007    107
    106  1   5999    813   6000    734  0.2234      0.1075          -1     21     -1     -1    32  1007    104
    107  1   6000    814   6001    736  0.2449      0.1075          20     42     -1     -1    32  1007    114
    108  1   6001    816   6002    737   1.378      0.1075         100    126     -1     -1    32  1007    112
    109  1   6002    821   6003    742  0.2226      0.1075          -1     21     -1     -1    32  1007    105
    110  1   6003    823   6004    744  0.9186      0.1075          62     87     -1     -1    32  1007    116
    111  1   6004    826   6005    748   4.327      0.1075         351    391     -1     -1    32  1007    108
    112  1   6005    839   5796    759   1.206      0.1075          84    110     -1     -1    32  1007    106
    113  1   5798    842   6006    763  0.3466      0.1075          23     48     -1     -1    32  1008    118
    114  1   6006    843   6007    765   5.449      0.1075         504    548     -1     -1    32  1008    120
    115  1   6007    860   6008    777  0.9090      0.1075          69     96     -1     -1    32  1008    133
    116  1   6008    863   6009    781  0.2491      0.1075          -1     24     -1     -1    32  1008    129
    117  1   6009    865   6010    782   1.506      0.1075         115    144     -1     -1    32  1008    131
    118  1   6010    870   6011    787  0.2548      0.1075          -1     24     -1     -1    32  1008    117
    119  1   6011    872   6012    789  0.2296      0.1075          -1     24     -1     -1    32  1008    121
    120  1   6012    874     10    791   2.295      0.1075         184    216     -1     -1    32  1008    119
 NUMBER LOOP  LINES                     AREA       ELEM SIZE    #NODES  #ELEM    MAT   REAL   TYP  ESYS   SECN
    121  1     10    886   6013    802   2.936      0.1075         238    273     -1     -1    32  1008    125
    122  1   6013    898   6014    813  0.2486      0.1075          -1     24     -1     -1    32  1008    122
    123  1   6014    900   6015    814  0.2709      0.1075          23     48     -1     -1    32  1008    132
    124  1   6015    902   6016    816   1.530      0.1075         115    144     -1     -1    32  1008    130
    125  1   6016    907   6017    821  0.2482      0.1075          -1     24     -1     -1    32  1008    123
    126  1   6017    909   6018    823  0.9170      0.1075          69     96     -1     -1    32  1008    134
    127  1   6018    912   6019    826   5.739      0.1075         528    573     -1     -1    32  1008    126
    128  1   6019    929   5798    839  0.7861      0.1075          52     79     -1     -1    32  1008    124
    129  1   5800    931   6020    842  0.1664      0.1075           1     20     -1     -1    32  1009    136
    130  1   6020    932   6021    843   4.449      0.1075         366    406     -1     -1    32  1009    138
    131  1   6021    949   6022    860  0.6433      0.1075          51     72     -1     -1    32  1009    151
    132  1   6022    952   6023    863  0.1871      0.1075          -1     18     -1     -1    32  1009    147
    133  1   6023    954   6024    865   1.132      0.1075          85    108     -1     -1    32  1009    149
    134  1   6024    959   6025    870  0.1921      0.1075          -1     18     -1     -1    32  1009    135
    135  1   6025    961   6026    872  0.1731      0.1075          -1     18     -1     -1    32  1009    139
    136  1   6026    963     11    874   1.681      0.1075         136    162     -1     -1    32  1009    137
    137  1     11    975   6027    886   2.098      0.1075         170    198     -1     -1    32  1009    143
    138  1   6027    987   6028    898  0.1847      0.1075          -1     18     -1     -1    32  1009    140
    139  1   6028    989   6029    900  0.2018      0.1075          17     36     -1     -1    32  1009    150
    140  1   6029    990   6030    902   1.145      0.1075          85    108     -1     -1    32  1009    148
 NUMBER LOOP  LINES                     AREA       ELEM SIZE    #NODES  #ELEM    MAT   REAL   TYP  ESYS   SECN
    141  1   6030    996   6031    907  0.1869      0.1075          -1     18     -1     -1    32  1009    141
    142  1   6031    998   6032    909  0.6508      0.1075          51     72     -1     -1    32  1009    152
    143  1   6032   1001   6033    912   4.639      0.1075         381    422     -1     -1    32  1009    144
    144  1   6033   1019   5800    929  0.3487      0.1075          21     41     -1     -1    32  1009    142
    145  1   5802   1021   6034    931  0.9501E-01  0.1075          -1     21     -1     -1    32  1010    154
    146  1   6034   1022   6035    932   5.396      0.1075         446    490     -1     -1    32  1010    156
    147  1   6035   1039   6036    949  0.7174      0.1075          41     65     -1     -1    32  1010    169
    148  1   6036   1042   6037    952  0.2179      0.1075          -1     21     -1     -1    32  1010    165
    149  1   6037   1044   6038    954   1.322      0.1075         100    126     -1     -1    32  1010    167
    150  1   6038   1049   6039    959  0.2254      0.1075          -1     21     -1     -1    32  1010    153
    151  1   6039   1051   6040    961  0.2003      0.1075          -1     21     -1     -1    32  1010    157
    152  1   6040   1053     12    963   1.965      0.1075         160    189     -1     -1    32  1010    155
    153  1     12   1065   6041    975   2.306      0.1075         195    226     -1     -1    32  1010    161
    154  1   6041   1077   6042    987  0.2075      0.1075          -1     21     -1     -1    32  1010    158
    155  1   6042   1078   6043    989  0.2316      0.1075           1     23     -1     -1    32  1010    168
    156  1   6043   1080   6044    990   1.329      0.1075         100    126     -1     -1    32  1010    166
    157  1   6044   1086   6045    996  0.2183      0.1075          -1     21     -1     -1    32  1010    159
    158  1   6045   1088   6046    998  0.7243      0.1075          60     84     -1     -1    32  1010    170
    159  1   6046   1091   6047   1001   5.576      0.1075         460    504     -1     -1    32  1010    162
    160  1   6047   1110   5802   1019  0.1779      0.1075           1     23     -1     -1    32  1010    160
 NUMBER LOOP  LINES                     AREA       ELEM SIZE    #NODES  #ELEM    MAT   REAL   TYP  ESYS   SECN
    161  1   5804   1111   6048   1021  0.5449E-01  0.1075          -1     26     -1     -1    32  1011    172
    162  1   6048   1112   6049   1022   6.807      0.1075         575    624     -1     -1    32  1011    174
    163  1   6049   1151   6050   1039  0.8523      0.1075          50     78     -1     -1    32  1011    187
    164  1   6050   1157   6051   1042  0.2713      0.1075          -1     26     -1     -1    32  1011    183
    165  1   6051   1159   6052   1044   1.645      0.1075         125    156     -1     -1    32  1011    185
    166  1   6052   1169   6053   1049  0.2821      0.1075          -1     26     -1     -1    32  1011    171
    167  1   6053   1172   6054   1051  0.2444      0.1075          -1     26     -1     -1    32  1011    175
    168  1   6054   1174   6055   1053   2.446      0.1075         200    234     -1     -1    32  1011    173
    169  1   6055   1201   6056   1065   2.664      0.1075         219    254     -1     -1    32  1011    179
    170  1   6056   1231   6057   1077  0.2445      0.1075          -1     26     -1     -1    32  1011    176
    171  1   6057   1233   6058   1078  0.2816      0.1075          -1     26     -1     -1    32  1011    186
    172  1   6058   1236   6059   1080   1.642      0.1075         125    156     -1     -1    32  1011    184
    173  1   6059   1247   6060   1086  0.2719      0.1075          -1     26     -1     -1    32  1011    177
    174  1   6060   1249   6061   1088  0.8566      0.1075          51     80     -1     -1    32  1011    188
    175  1   6061   1254   6062   1091   6.835      0.1075         575    624     -1     -1    32  1011    180
    176  1   6062   1282   5804   1110  0.8132E-01  0.1075          -1     26     -1     -1    32  1011    178
    177  1   5808   1283   5809   1111  0.3281E-01  0.1075          -1     16     -1     -1    32  1012    190
    178  1   5809   1284   6063   1112   4.071      0.1075         345    384     -1     -1    32  1012    192
    179  1   6063   1322   6064   1151  0.4952      0.1075          30     48     -1     -1    32  1012    205
    180  1   6064   1328   6065   1157  0.1642      0.1075          -1     16     -1     -1    32  1012    201
 NUMBER LOOP  LINES                     AREA       ELEM SIZE    #NODES  #ELEM    MAT   REAL   TYP  ESYS   SECN
    181  1   6065   1330   6066   1159  0.9953      0.1075          75     96     -1     -1    32  1012    203
    182  1   6066   1341   6067   1169  0.1713      0.1075          -1     16     -1     -1    32  1012    189
    183  1   6067   1344   6068   1172  0.1450      0.1075          -1     16     -1     -1    32  1012    193
    184  1   6068   1347   6069   1174   1.470      0.1075         120    144     -1     -1    32  1012    191
    185  1   6069   1374   6070   1201   1.502      0.1075         120    144     -1     -1    32  1012    197
    186  1   6070   1403   6071   1231  0.1422      0.1075          -1     16     -1     -1    32  1012    194
    187  1   6071   1405   6072   1233  0.1686      0.1075          -1     16     -1     -1    32  1012    204
    188  1   6072   1408   6073   1236  0.9897      0.1075          75     96     -1     -1    32  1012    202
    189  1   6073   1419   6074   1247  0.1644      0.1075          -1     16     -1     -1    32  1012    195
    190  1   6074   1421   6075   1249  0.4940      0.1075          30     48     -1     -1    32  1012    206
    191  1   6075   1426   5810   1254   3.999      0.1075         338    377     -1     -1    32  1012    198
    192  1   5810   1454   5808   1282  0.3329E-01  0.1075          -1     16     -1     -1    32  1012    196
    193  1   5812   1455   5813   1283  0.3837E-01  0.1075          -1     21     -1     -1    32  1013    208
    194  1   5813   1456   6076   1284   5.144      0.1075         436    479     -1     -1    32  1013    210
    195  1   6076   1494   6077   1322  0.6276      0.1075          40     63     -1     -1    32  1013    223
    196  1   6077   1500   6078   1328  0.2177      0.1075          -1     21     -1     -1    32  1013    219
    197  1   6078   1503   6079   1330   1.317      0.1075         100    126     -1     -1    32  1013    221
    198  1   6079   1514   6080   1341  0.2272      0.1075          -1     21     -1     -1    32  1013    207
    199  1   6080   1517   6081   1344  0.1869      0.1075          -1     21     -1     -1    32  1013    211
    200  1   6081   1519     13   1347   1.895      0.1075         155    184     -1     -1    32  1013    209
 NUMBER LOOP  LINES                     AREA       ELEM SIZE    #NODES  #ELEM    MAT   REAL   TYP  ESYS   SECN
    201  1     13   1547   6082   1374   1.878      0.1075         152    181     -1     -1    32  1013    215
    202  1   6082   1575   6083   1403  0.1829      0.1075          -1     21     -1     -1    32  1013    212
    203  1   6083   1578   6084   1405  0.2234      0.1075          -1     21     -1     -1    32  1013    222
    204  1   6084   1581   6085   1408   1.311      0.1075         100    126     -1     -1    32  1013    220
    205  1   6085   1592   6086   1419  0.2179      0.1075          -1     21     -1     -1    32  1013    213
    206  1   6086   1595   6087   1421  0.6232      0.1075          40     63     -1     -1    32  1013    224
    207  1   6087   1600   5814   1426   5.054      0.1075         462    504     -1     -1    32  1013    216
    208  1   5814   1627   5812   1454  0.4042E-01  0.1075          -1     21     -1     -1    32  1013    214
    209  1   5816   1628   5817   1455  0.3250E-01  0.1075          -1     21     -1     -1    32  1014    226
    210  1   5817   1629   6088   1456   4.772      0.1075         441    482     -1     -1    32  1014    228
    211  1   6088   1666   6089   1494  0.6014      0.1075          40     63     -1     -1    32  1014    241
    212  1   6089   1672   6090   1500  0.2189      0.1075          -1     21     -1     -1    32  1014    237
    213  1   6090   1675   6091   1503   1.316      0.1075         100    126     -1     -1    32  1014    239
    214  1   6091   1687   6092   1514  0.2272      0.1075          -1     21     -1     -1    32  1014    225
    215  1   6092   1690   6093   1517  0.1816      0.1075          -1     21     -1     -1    32  1014    229
    216  1   6093   1692     14   1519   1.807      0.1075         140    168     -1     -1    32  1014    227
    217  1     14   1720   6094   1547   1.765      0.1075         140    168     -1     -1    32  1014    233
    218  1   6094   1748   6095   1575  0.1773      0.1075          -1     21     -1     -1    32  1014    230
    219  1   6095   1751   6096   1578  0.2230      0.1075          -1     21     -1     -1    32  1014    240
    220  1   6096   1754   6097   1581   1.309      0.1075         100    126     -1     -1    32  1014    238
 NUMBER LOOP  LINES                     AREA       ELEM SIZE    #NODES  #ELEM    MAT   REAL   TYP  ESYS   SECN
    221  1   6097   1766   6098   1592  0.2179      0.1075          -1     21     -1     -1    32  1014    231
    222  1   6098   1768   6099   1595  0.5926      0.1075          40     63     -1     -1    32  1014    242
    223  1   6099   1773   5818   1600   4.688      0.1075         400    441     -1     -1    32  1014    234
    224  1   5818   1800   5816   1627  0.3603E-01  0.1075          -1     21     -1     -1    32  1014    232
    225  1   5820   1801   5821   1628  0.2678E-01  0.1075          -1     21     -1     -1    32  1015    244
    226  1   5821   1802   6100   1629   4.327      0.1075         399    438     -1     -1    32  1015    246
    227  1   6100   1837   6101   1666  0.5762      0.1075          40     63     -1     -1    32  1015    259
    228  1   6101   1843   6102   1672  0.2208      0.1075          -1     21     -1     -1    32  1015    255
    229  1   6102   1846   6103   1675   1.315      0.1075         100    126     -1     -1    32  1015    257
    230  1   6103   1859   6104   1687  0.2267      0.1075          -1     21     -1     -1    32  1015    243
    231  1   6104   1862   6105   1690  0.1760      0.1075          -1     21     -1     -1    32  1015    247
    232  1   6105   1865     15   1692   1.717      0.1075         140    168     -1     -1    32  1015    245
    233  1     15   1893   6106   1720   1.654      0.1075         129    157     -1     -1    32  1015    251
    234  1   6106   1922   6107   1748  0.1715      0.1075          -1     21     -1     -1    32  1015    248
    235  1   6107   1924   6108   1751  0.2224      0.1075          -1     21     -1     -1    32  1015    258
    236  1   6108   1927   6109   1754   1.309      0.1075         100    126     -1     -1    32  1015    256
    237  1   6109   1940   6110   1766  0.2182      0.1075          -1     21     -1     -1    32  1015    249
    238  1   6110   1942   6111   1768  0.5626      0.1075          40     63     -1     -1    32  1015    260
    239  1   6111   1947   5822   1773   4.255      0.1075         399    438     -1     -1    32  1015    252
    240  1   5822   1973   5820   1800  0.3158E-01  0.1075          -1     21     -1     -1    32  1015    250
 NUMBER LOOP  LINES                     AREA       ELEM SIZE    #NODES  #ELEM    MAT   REAL   TYP  ESYS   SECN
    241  1   5824   1974   5825   1801  0.2141E-01  0.1075          -1     21     -1     -1    32  1016    262
    242  1   5825   1975   6112   1802   3.846      0.1075         357    394     -1     -1    32  1016    264
    243  1   6112   2008   6113   1837  0.5464      0.1075          40     63     -1     -1    32  1016    277
    244  1   6113   2014   6114   1843  0.2235      0.1075          -1     21     -1     -1    32  1016    273
    245  1   6114   2018   6115   1846   1.316      0.1075         100    126     -1     -1    32  1016    275
    246  1   6115   2032   6116   1859  0.2259      0.1075          -1     21     -1     -1    32  1016    261
    247  1   6116   2035   6117   1862  0.1694      0.1075          -1     21     -1     -1    32  1016    265
    248  1   6117   2038     16   1865   1.631      0.1075         124    152     -1     -1    32  1016    263
    249  1     16   2066   6118   1893   1.551      0.1075         120    147     -1     -1    32  1016    269
    250  1   6118   2095   6119   1922  0.1649      0.1075          -1     21     -1     -1    32  1016    266
    251  1   6119   2098   6120   1924  0.2217      0.1075          -1     21     -1     -1    32  1016    276
    252  1   6120   2101   6121   1927   1.308      0.1075         100    126     -1     -1    32  1016    274
    253  1   6121   2114   6122   1940  0.2185      0.1075          -1     21     -1     -1    32  1016    267
    254  1   6122   2117   6123   1942  0.5281      0.1075          40     63     -1     -1    32  1016    278
    255  1   6123   2122   5826   1947   3.788      0.1075         357    394     -1     -1    32  1016    270
    256  1   5826   2146   5824   1973  0.2726E-01  0.1075          -1     21     -1     -1    32  1016    268
    257  1   5828   2147   5829   1974  0.1655E-01  0.1075          -1     21     -1     -1    32  1017    280
    258  1   5829   2148   6124   1975   3.370      0.1075         315    350     -1     -1    32  1017    282
    259  1   6124   2180   6125   2008  0.5197      0.1075          40     63     -1     -1    32  1017    295
    260  1   6125   2186   6126   2014  0.2264      0.1075          -1     21     -1     -1    32  1017    291
 NUMBER LOOP  LINES                     AREA       ELEM SIZE    #NODES  #ELEM    MAT   REAL   TYP  ESYS   SECN
    261  1   6126   2189   6127   2018   1.320      0.1075         100    126     -1     -1    32  1017    293
    262  1   6127   2204   6128   2032  0.2248      0.1075          -1     21     -1     -1    32  1017    279
    263  1   6128   2208   6129   2035  0.1635      0.1075          -1     21     -1     -1    32  1017    283
    264  1   6129   2210     17   2038   1.543      0.1075         120    147     -1     -1    32  1017    281
    265  1     17   2239   6130   2066   1.451      0.1075         120    147     -1     -1    32  1017    287
    266  1   6130   2268   6131   2095  0.1591      0.1075          -1     21     -1     -1    32  1017    284
    267  1   6131   2271   6132   2098  0.2211      0.1075          -1     21     -1     -1    32  1017    294
    268  1   6132   2274   6133   2101   1.307      0.1075         100    126     -1     -1    32  1017    292
    269  1   6133   2288   6134   2114  0.2189      0.1075          -1     21     -1     -1    32  1017    285
    270  1   6134   2291   6135   2117  0.4980      0.1075          40     63     -1     -1    32  1017    296
    271  1   6135   2296   5830   2122   3.327      0.1075         315    350     -1     -1    32  1017    288
    272  1   5830   2319   5828   2146  0.2326E-01  0.1075          -1     21     -1     -1    32  1017    286
    273  1   5832   2320   5833   2147  0.2771E-02  0.1075          -1      4     -1     -1    32  1018    298
    274  1   5833   2321   6136   2148  0.5713      0.1075          39     56     -1     -1    32  1018    300
    275  1   6136   2343   6137   2180  0.9301E-01  0.1075           6     12     -1     -1    32  1018    313
    276  1   6137   2346   6138   2186  0.4205E-01  0.1075          -1      4     -1     -1    32  1018    309
    277  1   6138   2349   6139   2189  0.2441      0.1075          15     24     -1     -1    32  1018    311
    278  1   6139   2357   6140   2204  0.4133E-01  0.1075          -1      4     -1     -1    32  1018    297
    279  1   6140   2360   6141   2208  0.2954E-01  0.1075          -1      4     -1     -1    32  1018    301
    280  1   6141   2362     18   2210  0.2748      0.1075          18     28     -1     -1    32  1018    299
 NUMBER LOOP  LINES                     AREA       ELEM SIZE    #NODES  #ELEM    MAT   REAL   TYP  ESYS   SECN
    281  1     18   2379   6142   2239  0.2572      0.1075          17     27     -1     -1    32  1018    305
    282  1   6142   2395   6143   2268  0.2875E-01  0.1075          -1      4     -1     -1    32  1018    302
    283  1   6143   2397   6144   2271  0.4069E-01  0.1075          -1      4     -1     -1    32  1018    312
    284  1   6144   2399   6145   2274  0.2410      0.1075          15     24     -1     -1    32  1018    310
    285  1   6145   2408   6146   2288  0.4038E-01  0.1075          -1      4     -1     -1    32  1018    303
    286  1   6146   2410   6147   2291  0.8876E-01  0.1075           6     12     -1     -1    32  1018    314
    287  1   6147   2414   5834   2296  0.5651      0.1075          38     55     -1     -1    32  1018    306
    288  1   5834   2437   5832   2319  0.3425E-02  0.1075          -1      4     -1     -1    32  1018    304
    289  1   5836   2438   5837   2320  0.1226E-01  0.1075          -1     17     -1     -1    32  1019    316
    290  1   5837   2439   6148   2321   2.361      0.1075         221    250     -1     -1    32  1019    318
    291  1   6148   2460   6149   2343  0.3960      0.1075          32     51     -1     -1    32  1019    331
    292  1   6149   2464   6150   2346  0.1862      0.1075          -1     17     -1     -1    32  1019    327
    293  1   6150   2466   6151   2349   1.081      0.1075          80    102     -1     -1    32  1019    329
    294  1   6151   2475   6152   2357  0.1821      0.1075          -1     17     -1     -1    32  1019    315
    295  1   6152   2478   6153   2360  0.1274      0.1075          -1     17     -1     -1    32  1019    319
    296  1   6153   2480     19   2362   1.176      0.1075          96    119     -1     -1    32  1019    317
    297  1     19   2497   6154   2379   1.107      0.1075          80    102     -1     -1    32  1019    323
    298  1   6154   2513   6155   2395  0.1245      0.1075          -1     17     -1     -1    32  1019    320
    299  1   6155   2515   6156   2397  0.1798      0.1075          -1     17     -1     -1    32  1019    330
    300  1   6156   2517   6157   2399   1.066      0.1075          80    102     -1     -1    32  1019    328
 NUMBER LOOP  LINES                     AREA       ELEM SIZE    #NODES  #ELEM    MAT   REAL   TYP  ESYS   SECN
    301  1   6157   2527   6158   2408  0.1788      0.1075          -1     17     -1     -1    32  1019    321
    302  1   6158   2529   6159   2410  0.3782      0.1075          17     36     -1     -1    32  1019    332
    303  1   6159   2533   5838   2414   2.340      0.1075         188    217     -1     -1    32  1019    324
    304  1   5838   2555   5836   2437  0.1257E-01  0.1075          -1     17     -1     -1    32  1019    322
    305  1   5840   2556   5841   2438  0.1344E-01  0.1075          -1     21     -1     -1    32  1020    334
    306  1   5841   2557   6160   2439   2.555      0.1075         211    243     -1     -1    32  1020    336
    307  1   6160   2577   6161   2460  0.4523      0.1075          21     44     -1     -1    32  1020    349
    308  1   6161   2581   6162   2464  0.2281      0.1075          -1     21     -1     -1    32  1020    345
    309  1   6162   2583   6163   2466   1.325      0.1075         100    126     -1     -1    32  1020    347
    310  1   6163   2593   6164   2475  0.2215      0.1075          -1     21     -1     -1    32  1020    333
    311  1   6164   2595   6165   2478  0.1491      0.1075          -1     21     -1     -1    32  1020    337
    312  1   6165   2598     20   2480   1.357      0.1075         103    130     -1     -1    32  1020    335
    313  1     20   2615   6166   2497   1.291      0.1075         100    126     -1     -1    32  1020    341
    314  1   6166   2631   6167   2513  0.1472      0.1075          -1     21     -1     -1    32  1020    338
    315  1   6167   2633   6168   2515  0.2202      0.1075          -1     21     -1     -1    32  1020    348
    316  1   6168   2636   6169   2517   1.308      0.1075         100    126     -1     -1    32  1020    346
    317  1   6169   2645   6170   2527  0.2195      0.1075          -1     21     -1     -1    32  1020    339
    318  1   6170   2648   6171   2529  0.4332      0.1075          20     42     -1     -1    32  1020    350
    319  1   6171   2652   5842   2533   2.542      0.1075         204    236     -1     -1    32  1020    342
    320  1   5842   2673   5840   2555  0.1459E-01  0.1075          -1     21     -1     -1    32  1020    340
 NUMBER LOOP  LINES                     AREA       ELEM SIZE    #NODES  #ELEM    MAT   REAL   TYP  ESYS   SECN
    321  1   5844   2674   5845   2556  0.1188E-01  0.1075          -1     21     -1     -1    32  1021    352
    322  1   5845   2675   6172   2557   2.229      0.1075         210    240     -1     -1    32  1021    354
    323  1   6172   2694   6173   2577  0.4198      0.1075          20     42     -1     -1    32  1021    367
    324  1   6173   2698   6174   2581  0.2280      0.1075          -1     21     -1     -1    32  1021    363
    325  1   6174   2700   6175   2583   1.324      0.1075         100    126     -1     -1    32  1021    365
    326  1   6175   2711   6176   2593  0.2201      0.1075          -1     21     -1     -1    32  1021    351
    327  1   6176   2713   6177   2595  0.1424      0.1075          -1     21     -1     -1    32  1021    355
    328  1   6177   2716     21   2598   1.267      0.1075         100    126     -1     -1    32  1021    353
    329  1     21   2733   6178   2615   1.219      0.1075         100    126     -1     -1    32  1021    359
    330  1   6178   2749   6179   2631  0.1418      0.1075          -1     21     -1     -1    32  1021    356
    331  1   6179   2751   6180   2633  0.2201      0.1075          -1     21     -1     -1    32  1021    366
    332  1   6180   2754   6181   2636   1.308      0.1075         100    126     -1     -1    32  1021    364
    333  1   6181   2764   6182   2645  0.2199      0.1075          -1     21     -1     -1    32  1021    357
    334  1   6182   2767   6183   2648  0.4029      0.1075          20     42     -1     -1    32  1021    368
    335  1   6183   2771   5846   2652   2.226      0.1075         210    240     -1     -1    32  1021    360
    336  1   5846   2791   5844   2673  0.1378E-01  0.1075          -1     21     -1     -1    32  1021    358
    337  1   5848   2792   5849   2674  0.1052E-01  0.1075          -1     21     -1     -1    32  1022    370
    338  1   5849   2793   6184   2675   1.954      0.1075         150    179     -1     -1    32  1022    372
    339  1   6184   2811   6185   2694  0.3858      0.1075          20     42     -1     -1    32  1022    385
    340  1   6185   2815   6186   2698  0.2280      0.1075          -1     21     -1     -1    32  1022    381
 NUMBER LOOP  LINES                     AREA       ELEM SIZE    #NODES  #ELEM    MAT   REAL   TYP  ESYS   SECN
    341  1   6186   2818   6187   2700   1.324      0.1075         100    126     -1     -1    32  1022    383
    342  1   6187   2829   6188   2711  0.2192      0.1075          -1     21     -1     -1    32  1022    369
    343  1   6188   2831   6189   2713  0.1359      0.1075          -1     21     -1     -1    32  1022    373
    344  1   6189   2833     22   2716   1.184      0.1075          82    108     -1     -1    32  1022    371
    345  1     22   2851   6190   2733   1.151      0.1075          82    108     -1     -1    32  1022    377
    346  1   6190   2867   6191   2749  0.1363      0.1075          -1     21     -1     -1    32  1022    374
    347  1   6191   2869   6192   2751  0.2201      0.1075          -1     21     -1     -1    32  1022    384
    348  1   6192   2872   6193   2754   1.309      0.1075         100    126     -1     -1    32  1022    382
    349  1   6193   2883   6194   2764  0.2203      0.1075          -1     21     -1     -1    32  1022    375
    350  1   6194   2886   6195   2767  0.3709      0.1075          20     42     -1     -1    32  1022    386
    351  1   6195   2889   5850   2771   1.959      0.1075         155    184     -1     -1    32  1022    378
    352  1   5850   2909   5848   2791  0.1307E-01  0.1075          -1     21     -1     -1    32  1022    376
    353  1   5852   2910   5853   2792  0.1716E-01  0.1075          -1     14     -1     -1    32  1023    388
    354  1   5853   2911   6196   2793   1.158      0.1075          91    112     -1     -1    32  1023    390
    355  1   6196   2930   6197   2811  0.2359      0.1075          13     28     -1     -1    32  1023    403
    356  1   6197   2934   6198   2815  0.1518      0.1075          -1     14     -1     -1    32  1023    399
    357  1   6198   2937   6199   2818  0.8806      0.1075          65     84     -1     -1    32  1023    401
    358  1   6199   2960   6200   2829  0.1455      0.1075          -1     14     -1     -1    32  1023    387
    359  1   6200   2966   6201   2831  0.8660E-01  0.1075          -1     14     -1     -1    32  1023    391
    360  1   6201   2970   6202   2833  0.7430      0.1075          52     70     -1     -1    32  1023    389
 NUMBER LOOP  LINES                     AREA       ELEM SIZE    #NODES  #ELEM    MAT   REAL   TYP  ESYS   SECN
    361  1   6202   3017   6203   2851  0.7359      0.1075          52     70     -1     -1    32  1023    395
    362  1   6203   3066   6204   2867  0.8738E-01  0.1075          -1     14     -1     -1    32  1023    392
    363  1   6204   3070   6205   2869  0.1465      0.1075          -1     14     -1     -1    32  1023    402
    364  1   6205   3076   6206   2872  0.8719      0.1075          65     84     -1     -1    32  1023    400
    365  1   6206   3096   6207   2883  0.1468      0.1075          -1     14     -1     -1    32  1023    393
    366  1   6207   3098   6208   2886  0.2271      0.1075          13     28     -1     -1    32  1023    404
    367  1   6208   3101   5854   2889   1.180      0.1075          91    112     -1     -1    32  1023    396
    368  1   5854   3111   5852   2909  0.9452E-02  0.1075          -1     14     -1     -1    32  1023    394
    369  1   5856   3112   5857   2910  0.8191E-02  0.1075          -1      7     -1     -1    32  1024    406
    370  1   5857   3113   6209   2911  0.5483      0.1075          39     53     -1     -1    32  1024    408
    371  1   6209   3133   6210   2930  0.1130      0.1075           6     14     -1     -1    32  1024    421
    372  1   6210   3137   6211   2934  0.7624E-01  0.1075          -1      7     -1     -1    32  1024    417
    373  1   6211   3140   6212   2937  0.4422      0.1075          30     42     -1     -1    32  1024    419
    374  1   6212   3163   6213   2960  0.7298E-01  0.1075          -1      7     -1     -1    32  1024    405
    375  1   6213   3169   6214   2966  0.4253E-01  0.1075          -1      7     -1     -1    32  1024    409
    376  1   6214   3173   6215   2970  0.3609      0.1075          24     35     -1     -1    32  1024    407
    377  1   6215   3221   6216   3017  0.3591      0.1075          24     35     -1     -1    32  1024    413
    378  1   6216   3269   6217   3066  0.4300E-01  0.1075          -1      7     -1     -1    32  1024    410
    379  1   6217   3273   6218   3070  0.7358E-01  0.1075          -1      7     -1     -1    32  1024    420
    380  1   6218   3279   6219   3076  0.4379      0.1075          30     42     -1     -1    32  1024    418
 NUMBER LOOP  LINES                     AREA       ELEM SIZE    #NODES  #ELEM    MAT   REAL   TYP  ESYS   SECN
    381  1   6219   3298   6220   3096  0.7377E-01  0.1075          -1      7     -1     -1    32  1024    411
    382  1   6220   3300   6221   3098  0.1089      0.1075           6     14     -1     -1    32  1024    422
    383  1   6221   3303   5858   3101  0.5601      0.1075          42     56     -1     -1    32  1024    414
    384  1   5858   3313   5856   3111  0.5170E-02  0.1075          -1      7     -1     -1    32  1024    412
    385  1   5860   3314   5861   3112  0.4572E-02  0.1075          -1     21     -1     -1    32  1025    424
    386  1   5861   3315   6222   3113   1.554      0.1075         120    147     -1     -1    32  1025    426
    387  1   6222   3335   6223   3133  0.3199      0.1075          20     42     -1     -1    32  1025    439
    388  1   6223   3338   6224   3137  0.2281      0.1075          -1     21     -1     -1    32  1025    435
    389  1   6224   3341   6225   3140   1.324      0.1075         100    126     -1     -1    32  1025    437
    390  1   6225   3365   6226   3163  0.2182      0.1075          -1     21     -1     -1    32  1025    423
    391  1   6226   3371   6227   3169  0.1216      0.1075          -1     21     -1     -1    32  1025    427
    392  1   6227   3375     23   3173   1.046      0.1075          80    105     -1     -1    32  1025    425
    393  1     23   3423   6228   3221   1.035      0.1075          80    105     -1     -1    32  1025    431
    394  1   6228   3471   6229   3269  0.1229      0.1075          -1     21     -1     -1    32  1025    428
    395  1   6229   3474   6230   3273  0.2200      0.1075          -1     21     -1     -1    32  1025    438
    396  1   6230   3480   6231   3279   1.310      0.1075         100    126     -1     -1    32  1025    436
    397  1   6231   3500   6232   3298  0.2209      0.1075          -1     21     -1     -1    32  1025    429
    398  1   6232   3502   6233   3300  0.3092      0.1075          20     42     -1     -1    32  1025    440
    399  1   6233   3504   5862   3303   1.569      0.1075         127    155     -1     -1    32  1025    432
    400  1   5862   3514   5860   3313  0.1480E-01  0.1075          -1     21     -1     -1    32  1025    430
 NUMBER LOOP  LINES                     AREA       ELEM SIZE    #NODES  #ELEM    MAT   REAL   TYP  ESYS   SECN
    401  1   5864   3515   5865   3314  0.4403E-02  0.1075          -1     21     -1     -1    32  1026    442
    402  1   5865   3516   6234   3315   1.419      0.1075         113    140     -1     -1    32  1026    444
    403  1   6234   3535   6235   3335  0.2932      0.1075          20     42     -1     -1    32  1026    457
    404  1   6235   3539   6236   3338  0.2278      0.1075          -1     21     -1     -1    32  1026    453
    405  1   6236   3542   6237   3341   1.325      0.1075         100    126     -1     -1    32  1026    455
    406  1   6237   3566   6238   3365  0.2180      0.1075          -1     21     -1     -1    32  1026    441
    407  1   6238   3572   6239   3371  0.1069      0.1075          -1     21     -1     -1    32  1026    445
    408  1   6239   3576     25   3375  0.9980      0.1075          80    105     -1     -1    32  1026    443
    409  1     25   3624   6240   3423  0.9985      0.1075          80    105     -1     -1    32  1026    449
    410  1   6240   3673   6241   3471  0.1080      0.1075          -1     21     -1     -1    32  1026    446
    411  1   6241   3676   6242   3474  0.2199      0.1075          -1     21     -1     -1    32  1026    456
    412  1   6242   3682   6243   3480   1.311      0.1075         100    126     -1     -1    32  1026    454
    413  1   6243   3702   6244   3500  0.2211      0.1075          -1     21     -1     -1    32  1026    447
    414  1   6244   3704   6245   3502  0.2849      0.1075          20     42     -1     -1    32  1026    458
    415  1   6245   3706   5866   3504   1.437      0.1075         119    146     -1     -1    32  1026    450
    416  1   5866   3716   5864   3514  0.1392E-01  0.1075          -1     21     -1     -1    32  1026    448
    417  1   5868   3717   5869   3515  0.4282E-02  0.1075          -1     21     -1     -1    32  1027    460
    418  1   5869   3718   6246   3516   1.335      0.1075         100    126     -1     -1    32  1027    462
    419  1   6246   3737   6247   3535  0.2697      0.1075          20     42     -1     -1    32  1027    475
    420  1   6247   3740   6248   3539  0.2272      0.1075          -1     21     -1     -1    32  1027    471
 NUMBER LOOP  LINES                     AREA       ELEM SIZE    #NODES  #ELEM    MAT   REAL   TYP  ESYS   SECN
    421  1   6248   3744   6249   3542   1.325      0.1075         100    126     -1     -1    32  1027    473
    422  1   6249   3769   6250   3566  0.2180      0.1075          -1     21     -1     -1    32  1027    459
    423  1   6250   3775   6251   3572  0.9000E-01  0.1075          -1     21     -1     -1    32  1027    463
    424  1   6251   3778     26   3576  0.9537      0.1075          62     87     -1     -1    32  1027    461
    425  1     26   3826   6252   3624  0.9634      0.1075          80    105     -1     -1    32  1027    467
    426  1   6252   3874   6253   3673  0.9120E-01  0.1075          -1     21     -1     -1    32  1027    464
    427  1   6253   3877   6254   3676  0.2200      0.1075          -1     21     -1     -1    32  1027    474
    428  1   6254   3884   6255   3682   1.311      0.1075         100    126     -1     -1    32  1027    472
    429  1   6255   3904   6256   3702  0.2212      0.1075          -1     21     -1     -1    32  1027    465
    430  1   6256   3906   6257   3704  0.2634      0.1075          20     42     -1     -1    32  1027    476
    431  1   6257   3908   5870   3706   1.354      0.1075         100    126     -1     -1    32  1027    468
    432  1   5870   3918   5868   3716  0.1321E-01  0.1075          -1     21     -1     -1    32  1027    466
    433  1   5872   3919   5873   3717  0.4203E-02  0.1075          -1     21     -1     -1    32  1028    478
    434  1   5873   3920   6258   3718   1.416      0.1075         114    141     -1     -1    32  1028    480
    435  1   6258   6259   3737      0  0.1294      0.1075           1     23     -1     -1    32  1028    493
    436  1   6259   3941   6260   3740  0.2264      0.1075          -1     21     -1     -1    32  1028    489
    437  1   6260   3945   6261   3744   1.323      0.1075         100    126     -1     -1    32  1028    491
    438  1   6261   3971   6262   3769  0.2180      0.1075          -1     21     -1     -1    32  1028    477
    439  1   6262   6263   3775      0  0.4146E-01  0.1075          -1     21     -1     -1    32  1028    481
    440  1   6263   3977     27   3778  0.9400      0.1075          62     87     -1     -1    32  1028    479
 NUMBER LOOP  LINES                     AREA       ELEM SIZE    #NODES  #ELEM    MAT   REAL   TYP  ESYS   SECN
    441  1     27   4026   6264   3826  0.9584      0.1075          80    105     -1     -1    32  1028    485
    442  1   6264   6265   3874      0  0.4204E-01  0.1075          -1     21     -1     -1    32  1028    482
    443  1   6265   4076   6266   3877  0.2202      0.1075          -1     21     -1     -1    32  1028    492
    444  1   6266   4082   6267   3884   1.312      0.1075         100    126     -1     -1    32  1028    490
    445  1   6267   4104   6268   3904  0.2213      0.1075          -1     21     -1     -1    32  1028    483
    446  1   6268   6269   3906      0  0.1266      0.1075           1     23     -1     -1    32  1028    494
    447  1   6269   4106   5874   3908   1.434      0.1075         113    140     -1     -1    32  1028    486
    448  1   5874   4117   5872   3918  0.1266E-01  0.1075          -1     21     -1     -1    32  1028    484
    449  1   5876   4118   5877   3919  0.4115E-02  0.1075          -1     21     -1     -1    32  1029    496
    450  1   5877   4119   6270   3920   1.489      0.1075         120    147     -1     -1    32  1029    498
    451  1   6270   4140   6271   3941  0.2257      0.1075          -1     21     -1     -1    32  1029    505
    452  1   6271   4143   6272   3945   1.322      0.1075         100    126     -1     -1    32  1029    507
    453  1   6272   4171   6273   3971  0.2181      0.1075          -1     21     -1     -1    32  1029    495
    454  1   6273   4177     28   3977  0.9108      0.1075          62     87     -1     -1    32  1029    497
    455  1     28   4225   6274   4026  0.9366      0.1075          62     87     -1     -1    32  1029    501
    456  1   6274   4274   6275   4076  0.2206      0.1075          -1     21     -1     -1    32  1029    508
    457  1   6275   4280   6276   4082   1.312      0.1075         100    126     -1     -1    32  1029    506
    458  1   6276   4303   6277   4104  0.2212      0.1075          -1     21     -1     -1    32  1029    499
    459  1   6277   4305   5878   4106   1.506      0.1075         120    147     -1     -1    32  1029    502
    460  1   5878   4316   5876   4117  0.1209E-01  0.1075          -1     21     -1     -1    32  1029    500
 NUMBER LOOP  LINES                     AREA       ELEM SIZE    #NODES  #ELEM    MAT   REAL   TYP  ESYS   SECN
    461  1   5880   4317   5881   4118  0.4566E-02  0.1075          -1     21     -1     -1    32  1030    510
    462  1   5881   4318   6278   4119   1.355      0.1075         104    131     -1     -1    32  1030    512
    463  1   6278   4338   6279   4140  0.2256      0.1075          -1     21     -1     -1    32  1030    519
    464  1   6279   4342   6280   4143   1.326      0.1075         100    126     -1     -1    32  1030    521
    465  1   6280   4370   6281   4171  0.2188      0.1075          -1     21     -1     -1    32  1030    509
    466  1   6281   4377   6282   4177  0.8058      0.1075          60     84     -1     -1    32  1030    511
    467  1   6282   4423   6283   4225  0.8433      0.1075          60     84     -1     -1    32  1030    515
    468  1   6283   4471   6284   4274  0.2218      0.1075          -1     21     -1     -1    32  1030    522
    469  1   6284   4478   6285   4280   1.316      0.1075         100    126     -1     -1    32  1030    520
    470  1   6285   4502   6286   4303  0.2220      0.1075          -1     21     -1     -1    32  1030    513
    471  1   6286   4505   5882   4305   1.374      0.1075         110    137     -1     -1    32  1030    516
    472  1   5882   4515   5880   4316  0.8439E-02  0.1075          -1     21     -1     -1    32  1030    514
    473  1   5884   4516   5885   4317  0.4875E-03  0.1075          -1      2     -1     -1    32  1031    524
    474  1   5885   4517   6287   4318  0.1202      0.1075           5     12     -1     -1    32  1031    526
    475  1   6287   4537   6288   4338  0.2180E-01  0.1075          -1      2     -1     -1    32  1031    533
    476  1   6288   4540   6289   4342  0.1283      0.1075           5     12     -1     -1    32  1031    535
    477  1   6289   4569   6290   4370  0.2119E-01  0.1075          -1      2     -1     -1    32  1031    523
    478  1   6290   4576   6291   4377  0.7077E-01  0.1075           3      8     -1     -1    32  1031    525
    479  1   6291   4622   6292   4423  0.7522E-01  0.1075           3      8     -1     -1    32  1031    529
    480  1   6292   4670   6293   4471  0.2151E-01  0.1075          -1      2     -1     -1    32  1031    536
 NUMBER LOOP  LINES                     AREA       ELEM SIZE    #NODES  #ELEM    MAT   REAL   TYP  ESYS   SECN
    481  1   6293   4677   6294   4478  0.1274      0.1075           5     12     -1     -1    32  1031    534
    482  1   6294   4702   6295   4502  0.2150E-01  0.1075          -1      2     -1     -1    32  1031    527
    483  1   6295   4704   5886   4505  0.1221      0.1075           5     12     -1     -1    32  1031    530
    484  1   5886   4714   5884   4515  0.4879E-03  0.1075          -1      2     -1     -1    32  1031    528
    485  1   5888   4715   5889   4516  0.2772E-02  0.1075          -1     12     -1     -1    32  1032    538
    486  1   5889   4716   6296   4517  0.6419      0.1075          46     63     -1     -1    32  1032    540
    487  1   6296   4735   6297   4537  0.1301      0.1075          -1     12     -1     -1    32  1032    547
    488  1   6297   4738   6298   4540  0.7672      0.1075          55     72     -1     -1    32  1032    549
    489  1   6298   4768   6299   4569  0.1267      0.1075          -1     12     -1     -1    32  1032    537
    490  1   6299   4776   6300   4576  0.3898      0.1075          23     38     -1     -1    32  1032    539
    491  1   6300   4821   6301   4622  0.4147      0.1075          23     38     -1     -1    32  1032    543
    492  1   6301   4868   6302   4670  0.1287      0.1075          -1     12     -1     -1    32  1032    550
    493  1   6302   4876   6303   4677  0.7618      0.1075          55     72     -1     -1    32  1032    548
    494  1   6303   4901   6304   4702  0.1286      0.1075          -1     12     -1     -1    32  1032    541
    495  1   6304   4903   5890   4704  0.6533      0.1075          49     66     -1     -1    32  1032    544
    496  1   5890   4913   5888   4714  0.2774E-02  0.1075          -1     12     -1     -1    32  1032    542
    497  1   5892   4914   5893   4715  0.2466E-02  0.1075          -1     12     -1     -1    32  1033    552
    498  1   5893   4915   6305   4716  0.4754      0.1075          48     63     -1     -1    32  1033    554
    499  1   6305   4931   6306   4735  0.1293      0.1075          -1     12     -1     -1    32  1033    561
    500  1   6306   4935   6307   4738  0.7684      0.1075          55     72     -1     -1    32  1033    563
 NUMBER LOOP  LINES                     AREA       ELEM SIZE    #NODES  #ELEM    MAT   REAL   TYP  ESYS   SECN
    501  1   6307   4968   6308   4768  0.1269      0.1075          -1     12     -1     -1    32  1033    551
    502  1   6308   4977   6309   4776  0.3221      0.1075          22     36     -1     -1    32  1033    553
    503  1   6309   5020   6310   4821  0.3437      0.1075          22     36     -1     -1    32  1033    557
    504  1   6310   5065   6311   4868  0.1291      0.1075          -1     12     -1     -1    32  1033    564
    505  1   6311   5074   6312   4876  0.7630      0.1075          55     72     -1     -1    32  1033    562
    506  1   6312   5101   6313   4901  0.1289      0.1075          -1     12     -1     -1    32  1033    555
    507  1   6313   5104   5894   4903  0.4856      0.1075          48     63     -1     -1    32  1033    558
    508  1   5894   5112   5892   4913  0.2467E-02  0.1075          -1     12     -1     -1    32  1033    556
    509  1   5896   5113   5897   4914  0.2047E-02  0.1075          -1     12     -1     -1    32  1034    566
    510  1   5897   5114   6314   4915  0.3369      0.1075          22     36     -1     -1    32  1034    568
    511  1   6314   5130   6315   4931  0.1147      0.1075          -1     12     -1     -1    32  1034    573
    512  1   6315   5134   6316   4935  0.6862      0.1075          47     64     -1     -1    32  1034    575
    513  1   6316   5167   6317   4968  0.1134      0.1075          -1     12     -1     -1    32  1034    565
    514  1   6317   5176   6318   4977  0.2530      0.1075          12     26     -1     -1    32  1034    567
    515  1   6318   5219   6319   5020  0.2705      0.1075          12     26     -1     -1    32  1034    571
    516  1   6319   5264   6320   5065  0.1154      0.1075          -1     12     -1     -1    32  1034    576
    517  1   6320   5273   6321   5074  0.6814      0.1075          49     66     -1     -1    32  1034    574
    518  1   6321   5300   6322   5101  0.1151      0.1075          -1     12     -1     -1    32  1034    569
    519  1   6322   5303   5898   5104  0.3453      0.1075          22     36     -1     -1    32  1034    572
    520  1   5898   5311   5896   5112  0.2049E-02  0.1075          -1     12     -1     -1    32  1034    570
 NUMBER LOOP  LINES                     AREA       ELEM SIZE    #NODES  #ELEM    MAT   REAL   TYP  ESYS   SECN
    521  1   5900   5312   5901   5113  0.1492E-02  0.1075          -1     12     -1     -1    32  1035    578
    522  1   5901   5313   6323   5114  0.2435      0.1075          12     26     -1     -1    32  1035    580
    523  1   6323   5329   6324   5130  0.8293E-01  0.1075          -1     12     -1     -1    32  1035    585
    524  1   6324   5333   6325   5134  0.4961      0.1075          48     63     -1     -1    32  1035    587
    525  1   6325   5366   6326   5167  0.8194E-01  0.1075          -1     12     -1     -1    32  1035    577
    526  1   6326   5375   6327   5176  0.1829      0.1075          11     24     -1     -1    32  1035    579
    527  1   6327   5418   6328   5219  0.1956      0.1075          11     24     -1     -1    32  1035    583
    528  1   6328   5463   6329   5264  0.8344E-01  0.1075          -1     12     -1     -1    32  1035    588
    529  1   6329   5472   6330   5273  0.4926      0.1075          48     63     -1     -1    32  1035    586
    530  1   6330   5499   6331   5300  0.8325E-01  0.1075          -1     12     -1     -1    32  1035    581
    531  1   6331   5502   5902   5303  0.2496      0.1075          12     26     -1     -1    32  1035    584
    532  1   5902   5510   5900   5311  0.1493E-02  0.1075          -1     12     -1     -1    32  1035    582
    533  1   5904   5511   5905   5312  0.7769E-03  0.1075          -1     13     -1     -1    32  1036    590
    534  1   5905   5512   6332   5313  0.1247      0.1075           2     15     -1     -1    32  1036    592
    535  1   6332   5528   6333   5329  0.4246E-01  0.1075          -1     12     -1     -1    32  1036    597
    536  1   6333   5532   6334   5333  0.2540      0.1075          24     37     -1     -1    32  1036    599
    537  1   6334   5565   6335   5366  0.4196E-01  0.1075          -1     12     -1     -1    32  1036    589
    538  1   6335   5574   6336   5375  0.9367E-01  0.1075           2     16     -1     -1    32  1036    591
    539  1   6336   5617   6337   5418  0.1002      0.1075           2     15     -1     -1    32  1036    595
    540  1   6337   5662   6338   5463  0.4273E-01  0.1075          -1     12     -1     -1    32  1036    600
 NUMBER LOOP  LINES                     AREA       ELEM SIZE    #NODES  #ELEM    MAT   REAL   TYP  ESYS   SECN
    541  1   6338   5671   6339   5472  0.2523      0.1075          24     37     -1     -1    32  1036    598
    542  1   6339   5698   6340   5499  0.4264E-01  0.1075          -1     12     -1     -1    32  1036    593
    543  1   6340   5701   5906   5502  0.1279      0.1075           2     15     -1     -1    32  1036    596
    544  1   5906   5709   5904   5510  0.7774E-03  0.1075          -1     13     -1     -1    32  1036    594
    545  1     30   5988     32   5981   4.306      0.1075         358    397     -1     -1    32  1006   1091
    546  1     33   5987     34   5982   3.771      0.1075         311    348     -1     -1    32  1006   1092
    547  1     32   6002     35   5995   4.074      0.1075         330    368     -1     -1    32  1007   1109
    548  1     34   6001     36   5996   3.540      0.1075         287    323     -1     -1    32  1007   1110
    549  1     35   6016     37   6009   4.312      0.1075         351    391     -1     -1    32  1008   1127
    550  1     36   6015     39   6010   3.769      0.1075         306    344     -1     -1    32  1008   1128
    551  1     37   6030     41   6023   3.094      0.1075         255    288     -1     -1    32  1009   1145
    552  1     39   6029     43   6024   2.722      0.1075         221    252     -1     -1    32  1009   1146
    553  1     41   6044     44   6037   3.488      0.1075         292    328     -1     -1    32  1010   1163
    554  1     43   6043     45   6038   3.087      0.1075         260    294     -1     -1    32  1010   1164
    555  1     44   6059     46   6051   4.087      0.1075         334    374     -1     -1    32  1011   1181
    556  1     45   6058     47   6052   3.677      0.1075         327    366     -1     -1    32  1011   1182
    557  1     46   6073     48   6065   2.328      0.1075         186    215     -1     -1    32  1012   1199
    558  1     47   6072     49   6066   2.126      0.1075         171    199     -1     -1    32  1012   1200
    559  1     48   6085     50   6078   2.914      0.1075         240    273     -1     -1    32  1013   1217
    560  1     49   6084     51   6079   2.679      0.1075         220    252     -1     -1    32  1013   1218
 NUMBER LOOP  LINES                     AREA       ELEM SIZE    #NODES  #ELEM    MAT   REAL   TYP  ESYS   SECN
    561  1     50   6097     52   6090   2.689      0.1075         252    284     -1     -1    32  1014   1235
    562  1     51   6096     53   6091   2.508      0.1075         205    237     -1     -1    32  1014   1236
    563  1     52   6109     54   6102   2.435      0.1075         189    220     -1     -1    32  1015   1253
    564  1     53   6108     55   6103   2.328      0.1075         186    217     -1     -1    32  1015   1254
    565  1     54   6121     56   6114   2.161      0.1075         171    201     -1     -1    32  1016   1271
    566  1     55   6120     57   6115   2.146      0.1075         169    199     -1     -1    32  1016   1272
    567  1     56   6133     59   6126   1.885      0.1075         149    178     -1     -1    32  1017   1289
    568  1     57   6132     60   6127   1.970      0.1075         160    189     -1     -1    32  1017   1290
    569  1     59   6145     61   6138  0.3177      0.1075          21     32     -1     -1    32  1018   1307
    570  1     60   6144     62   6139  0.3444      0.1075          23     35     -1     -1    32  1018   1308
    571  1     61   6157     63   6150   1.310      0.1075         106    130     -1     -1    32  1019   1325
    572  1     62   6156     64   6151   1.449      0.1075         112    136     -1     -1    32  1019   1326
    573  1     63   6169     65   6162   1.416      0.1075         113    140     -1     -1    32  1020   1343
    574  1     64   6168     66   6163   1.614      0.1075         135    163     -1     -1    32  1020   1344
    575  1     65   6181     67   6174   1.234      0.1075          90    116     -1     -1    32  1021   1361
    576  1     66   6180     68   6175   1.452      0.1075         115    142     -1     -1    32  1021   1362
    577  1     67   6193     69   6186   1.077      0.1075          80    105     -1     -1    32  1022   1379
    578  1     68   6192     70   6187   1.307      0.1075         100    126     -1     -1    32  1022   1380
    579  1     69   6206     71   6198  0.6419      0.1075          45     63     -1     -1    32  1023   1397
    580  1     70   6205     72   6199  0.7982      0.1075          54     73     -1     -1    32  1023   1398
 NUMBER LOOP  LINES                     AREA       ELEM SIZE    #NODES  #ELEM    MAT   REAL   TYP  ESYS   SECN
    581  1     71   6219     73   6211  0.3022      0.1075          18     28     -1     -1    32  1024   1415
    582  1     72   6218     75   6212  0.3823      0.1075          24     35     -1     -1    32  1024   1416
    583  1     73   6231     77   6224  0.8334      0.1075          60     84     -1     -1    32  1025   1433
    584  1     75   6230     79   6225   1.091      0.1075          80    105     -1     -1    32  1025   1434
    585  1     77   6243     80   6236  0.7418      0.1075          60     84     -1     -1    32  1026   1451
    586  1     79   6242     81   6237   1.019      0.1075          80    105     -1     -1    32  1026   1452
    587  1     80   6255     82   6248  0.6751      0.1075          41     65     -1     -1    32  1027   1469
    588  1     81   6254     83   6249  0.9591      0.1075          62     87     -1     -1    32  1027   1470
    589  1     82   6267     84   6260  0.6304      0.1075          40     63     -1     -1    32  1028   1487
    590  1     83   6266     86   6261  0.9077      0.1075          60     84     -1     -1    32  1028   1488
    591  1     84   6276     88   6271  0.5882      0.1075          40     63     -1     -1    32  1029   1503
    592  1     86   6275     89   6272  0.8549      0.1075          60     84     -1     -1    32  1029   1504
    593  1     88   6285     90   6279  0.5185      0.1075          40     63     -1     -1    32  1030   1517
    594  1     89   6284     91   6280  0.7822      0.1075          60     84     -1     -1    32  1030   1518
    595  1     90   6294     93   6288  0.4519E-01  0.1075           2      6     -1     -1    32  1031   1531
    596  1     91   6293     94   6289  0.7084E-01  0.1075           3      8     -1     -1    32  1031   1532
    597  1     93   6303     95   6297  0.2416      0.1075          11     24     -1     -1    32  1032   1545
    598  1     94   6302     96   6298  0.4009      0.1075          23     38     -1     -1    32  1032   1546
    599  1     95   6312     97   6306  0.1787      0.1075          11     24     -1     -1    32  1033   1559
    600  1     96   6311     98   6307  0.3534      0.1075          22     36     -1     -1    32  1033   1560
